16:41:02.788 [main                     ] DEBUG Logger               - Configured Logger
16:41:02.810 [main                     ] DEBUG GameApplication      - Logging settings
Title: Joe and Marie
Version: 0.0
Width: 1280
Height: 720
Fullscreen: false
Intro: false
Profiling: false
Single step:false
App Mode: DEVELOPER
Menu Key: ESCAPE
Stage Style: DECORATED
Scene Factory: class com.almasb.fxgl.app.scene.SceneFactory

16:41:03.302 [JavaFX Application Thread] DEBUG FXGLApplication      - Initializing FXGL
16:41:03.306 [JavaFX Application Thread] INFO  Engine               - FXGL-17.3 (30.03.2023 11.49) on WINDOWS (J:23.0.1 FX:17.0.6)
16:41:03.306 [JavaFX Application Thread] DEBUG Engine               - JRE Vendor Name: Oracle Corporation
16:41:03.306 [JavaFX Application Thread] DEBUG Engine               - Running on OS: Windows 11 version 10.0
16:41:03.306 [JavaFX Application Thread] DEBUG Engine               - Architecture: amd64
16:41:03.307 [JavaFX Application Thread] INFO  Engine               - Source code and latest versions at: https://github.com/AlmasB/FXGL
16:41:03.307 [JavaFX Application Thread] INFO  Engine               -       Ask questions and discuss at: https://github.com/AlmasB/FXGL/discussions
16:41:03.307 [JavaFX Application Thread] INFO  Engine               -              Join the FXGL chat at: https://gitter.im/AlmasB/FXGL
16:41:03.376 [JavaFX Application Thread] DEBUG PrimaryStageWindow   - Creating a JavaFX scene
16:41:03.416 [JavaFX Application Thread] DEBUG PrimaryStageWindow   - Target settings size: 1280.0 x 720.0
16:41:03.416 [JavaFX Application Thread] DEBUG PrimaryStageWindow   - Scaled scene size:    1280.0 x 720.0
16:41:03.416 [JavaFX Application Thread] DEBUG PrimaryStageWindow   - Scaled ratio: (1.0, 1.0)
16:41:03.417 [JavaFX Application Thread] DEBUG PrimaryStageWindow   - Set initial scene to FXGLStartupScene
16:41:03.421 [JavaFX Application Thread] DEBUG PrimaryStageWindow   - Opening main window
16:41:03.484 [JavaFX Application Thread] DEBUG PrimaryStageWindow   - Window border size: (16.0, 39.0)
16:41:03.484 [JavaFX Application Thread] DEBUG PrimaryStageWindow   - Scaled size: 1280.0 x 720.0
16:41:03.484 [JavaFX Application Thread] DEBUG PrimaryStageWindow   - Scaled ratio: (1.0, 1.0)
16:41:03.484 [JavaFX Application Thread] DEBUG PrimaryStageWindow   - Scene size: 1280.0 x 720.0
16:41:03.484 [JavaFX Application Thread] DEBUG PrimaryStageWindow   - Stage size: 1296.0 x 759.0
16:41:03.493 [FXGL Background Thread 1 ] DEBUG Engine               - Initializing environment variables
16:41:03.567 [FXGL Background Thread 1 ] DEBUG FXGLAssetLoaderServi - User app class for loading assets: class com.example.joeandmarie.MainApplication
16:41:03.567 [FXGL Background Thread 1 ] DEBUG GameApplicationServi - Applying CSS: fxgl_dark.css
16:41:03.568 [FXGL Background Thread 1 ] DEBUG FXGLAssetLoaderServi - Loading from file system: jar:file:///C:/Users/Lorine/.m2/repository/com/github/almasb/fxgl/17.3/fxgl-17.3.jar!/fxglassets/ui/css/fxgl_dark.css
16:41:03.608 [FXGL Background Thread 1 ] DEBUG GameApplicationServi - Initializing application scenes
16:41:03.643 [FXGL Background Thread 1 ] DEBUG GameWorld            - Game world initialized
16:41:03.697 [FXGL Background Thread 1 ] DEBUG PhysicsWorld         - Physics world initialized: appHeight=720, physics.ppm=50.0
16:41:03.697 [FXGL Background Thread 1 ] DEBUG PhysicsWorld         - Using strategy: BRUTE_FORCE
16:41:03.700 [FXGL Background Thread 1 ] DEBUG GameScene            - Game scene initialized: 1280x720
16:41:03.710 [FXGL Background Thread 1 ] DEBUG FXGL.DefaultMenu     - createMenuBodyGameMenu()
16:41:03.720 [FXGL Background Thread 1 ] DEBUG FXGL.DefaultMenu     - createOptionsMenu()
16:41:03.730 [FXGL Background Thread 1 ] DEBUG FXGLAssetLoaderServi - Loading from file system: jar:file:///C:/Users/Lorine/.m2/repository/com/github/almasb/fxgl/17.3/fxgl-17.3.jar!/fxglassets/textures/particles/smoke.png
16:41:03.808 [FXGL Background Thread 1 ] DEBUG FXGLAssetLoaderServi - Loading from file system: jar:file:///C:/Users/Lorine/.m2/repository/com/github/almasb/fxgl/17.3/fxgl-17.3.jar!/fxglassets/textures/particles/trace_horizontal.png
16:41:03.833 [FXGL Background Thread 1 ] DEBUG GameApplicationServi - Application scenes initialized
16:41:03.843 [FXGL Background Thread 1 ] DEBUG SystemBundleService  - Loading FXGL system data
16:41:03.847 [FXGL Background Thread 1 ] DEBUG FileSystemAccess     - Reading from: C:\Users\Lorine\IdeaProjects\JoeAndMarie\system\fxgl.bundle
16:41:03.853 [FXGL Background Thread 1 ] DEBUG SystemBundleService  - Bundle FXGL: {}
16:41:03.854 [FXGL Background Thread 1 ] DEBUG UpdaterService       - Checking for updates
16:41:03.857 [FXGL Background Thread 4 ] DEBUG FXGLApplication      - Loading fonts
16:41:03.858 [FXGL Background Thread 4 ] DEBUG FXGLAssetLoaderServi - Loading from file system: jar:file:///C:/Users/Lorine/.m2/repository/com/github/almasb/fxgl/17.3/fxgl-17.3.jar!/fxglassets/ui/fonts/VarelaRound-Regular.ttf
16:41:03.858 [FXGL Background Thread 1 ] DEBUG FXGLApplication      - Loading default localization
16:41:03.858 [FXGL Background Thread 1 ] DEBUG FXGLAssetLoaderServi - Loading from file system: jar:file:///C:/Users/Lorine/.m2/repository/com/github/almasb/fxgl/17.3/fxgl-17.3.jar!/fxglassets/languages/english.lang
16:41:03.880 [FXGL Background Thread 1 ] INFO  FXGLApplication      - FXGL initialization took: 0.388 sec
16:41:03.890 [JavaFX Application Thread] DEBUG Input                - Registered new binding: action0 - D
16:41:03.891 [JavaFX Application Thread] DEBUG Input                - Registered new binding: action1 - S
16:41:03.891 [JavaFX Application Thread] DEBUG Input                - Registered new binding: action2 - A
16:41:03.891 [JavaFX Application Thread] DEBUG Input                - Registered new binding: action3 - W
16:41:03.892 [JavaFX Application Thread] DEBUG Input                - Registered new binding: action4 - Right
16:41:03.892 [JavaFX Application Thread] DEBUG Input                - Registered new binding: action5 - Down
16:41:03.892 [JavaFX Application Thread] DEBUG Input                - Registered new binding: action6 - Left
16:41:03.892 [JavaFX Application Thread] DEBUG Input                - Registered new binding: action7 - Up
16:41:03.893 [JavaFX Application Thread] DEBUG FXGLAssetLoaderServi - Loading from file system: jar:file:///C:/Users/Lorine/.m2/repository/com/github/almasb/fxgl/17.3/fxgl-17.3.jar!/fxglassets/textures/fxgl_icon.png
16:41:03.899 [FXGL Background Thread 4 ] DEBUG FXGLAssetLoaderServi - Loading from file system: jar:file:///C:/Users/Lorine/.m2/repository/com/github/almasb/fxgl/17.3/fxgl-17.3.jar!/fxglassets/ui/fonts/Abel-Regular.ttf
16:41:03.910 [FXGL Background Thread 4 ] DEBUG FXGLAssetLoaderServi - Loading from file system: jar:file:///C:/Users/Lorine/.m2/repository/com/github/almasb/fxgl/17.3/fxgl-17.3.jar!/fxglassets/ui/fonts/TerminalLandMono-Regular.otf
16:41:03.912 [JavaFX Application Thread] DEBUG FXGLAssetLoaderServi - Loading from file system: jar:file:///C:/Users/Lorine/.m2/repository/com/github/almasb/fxgl/17.3/fxgl-17.3.jar!/fxglassets/textures/fxgl_default_cursor.png
16:41:03.915 [JavaFX Application Thread] DEBUG Input                - Registered new binding: Screenshot - CTRL+8
16:41:03.915 [JavaFX Application Thread] DEBUG Input                - Registered new binding: System info dump - CTRL+9
16:41:03.915 [JavaFX Application Thread] DEBUG Input                - Registered new binding: Restart - CTRL+R
16:41:03.916 [JavaFX Application Thread] DEBUG Input                - Registered new binding: Toggle Debug Camera - CTRL+7
16:41:03.919 [JavaFX Application Thread] DEBUG LoopRunner           - Starting loop
16:41:03.919 [JavaFX Application Thread] DEBUG LoopRunner           - Initializing JavaFX AnimationTimerLoop
16:41:03.921 [JavaFX Application Thread] DEBUG GameApplicationServi - Starting new game
16:41:03.921 [FXGL Background Thread 4 ] DEBUG FXGLAssetLoaderServi - Loading from file system: jar:file:///C:/Users/Lorine/.m2/repository/com/github/almasb/fxgl/17.3/fxgl-17.3.jar!/fxglassets/ui/fonts/Courier-Prime.ttf
16:41:03.921 [JavaFX Application Thread] DEBUG Input                - Clearing active input actions
16:41:03.932 [JavaFX Application Thread] DEBUG GameApplicationServi - Removing overlay from FXGLStartupScene and adding to FXGLLoadingScene
16:41:03.932 [JavaFX Application Thread] DEBUG PrimaryStageWindow   - FXGLStartupScene -> FXGLLoadingScene
16:41:03.932 [JavaFX Application Thread] DEBUG GameApplicationServi - Clearing previous game
16:41:03.932 [JavaFX Application Thread] DEBUG GameScene            - Clearing game scene
16:41:03.932 [JavaFX Application Thread] DEBUG GameWorld            - Clearing game world
16:41:03.933 [JavaFX Application Thread] DEBUG PhysicsWorld         - Clearing physics world
16:41:03.934 [FXGL Background Thread 1 ] DEBUG FXGLApplication      - Initializing game
16:41:03.935 [FXGL Background Thread 1 ] DEBUG FXGLAssetLoaderServi - Loading from file system: file:/C:/Users/Lorine/IdeaProjects/JoeAndMarie/target/classes/assets/textures/meow_jm.png
16:41:03.938 [FXGL Background Thread 1 ] DEBUG FXGLAssetLoaderServi - Loading from file system: file:/C:/Users/Lorine/IdeaProjects/JoeAndMarie/target/classes/assets/textures/hug1.png
16:41:03.940 [FXGL Background Thread 1 ] DEBUG FXGLAssetLoaderServi - Loading from file system: file:/C:/Users/Lorine/IdeaProjects/JoeAndMarie/target/classes/assets/textures/hug2.png
16:41:03.965 [JavaFX Application Thread] DEBUG FXGLApplication      - Registering font factories with UI factory
16:41:03.965 [FXGL Background Thread 1 ] INFO  FXGLApplication      - Game initialization took: 0.031 sec
16:41:03.968 [JavaFX Application Thread] DEBUG Input                - Clearing active input actions
16:41:03.974 [JavaFX Application Thread] DEBUG GameApplicationServi - Removing overlay from FXGLLoadingScene and adding to GameScene
16:41:03.975 [JavaFX Application Thread] DEBUG PrimaryStageWindow   - FXGLLoadingScene -> GameScene
16:41:04.348 [FXGL Background Thread 2 ] INFO  UpdaterService       - Your current version:  17.3
16:41:04.349 [FXGL Background Thread 2 ] INFO  UpdaterService       - Latest stable version: 21.1
16:41:05.319 [JavaFX Application Thread] DEBUG FXGLAssetLoaderServi - Loading from file system: file:/C:/Users/Lorine/IdeaProjects/JoeAndMarie/target/classes/assets/sounds/oof.wav
16:41:06.831 [JavaFX Application Thread] DEBUG LoopRunner           - Stopping loop
16:41:06.833 [JavaFX Application Thread] FATAL FXGLApplication      - Uncaught Exception:
java.lang.IllegalArgumentException: Children: duplicate children added: parent = Group@386814aa
	at javafx.graphics/javafx.scene.Parent$3.onProposedChange(Parent.java:561)
	at javafx.base/com.sun.javafx.collections.VetoableListDecorator.add(VetoableListDecorator.java:205)
	at com.almasb.fxgl.entity@17.3/com.almasb.fxgl.entity.components.ViewComponent.addToGroup(ViewComponent.kt:217)
	at com.almasb.fxgl.entity@17.3/com.almasb.fxgl.entity.components.ViewComponent.addToGroup$default(ViewComponent.kt:208)
	at com.almasb.fxgl.entity@17.3/com.almasb.fxgl.entity.components.ViewComponent.addChild(ViewComponent.kt:167)
	at com.almasb.fxgl.entity@17.3/com.almasb.fxgl.entity.components.ViewComponent.addChild$default(ViewComponent.kt:165)
	at com.almasb.fxgl.entity@17.3/com.almasb.fxgl.entity.components.ViewComponent.addChild(ViewComponent.kt)
	at com.example.joeandmarie/com.example.joeandmarie.MainApplication$1.onCollisionBegin(MainApplication.java:76)
	at com.almasb.fxgl.entity@17.3/com.almasb.fxgl.physics.CollisionPair.collisionBegin(CollisionPair.java:37)
	at com.almasb.fxgl.entity@17.3/com.almasb.fxgl.physics.PhysicsWorld.collisionBeginFor(PhysicsWorld.java:453)
	at com.almasb.fxgl.entity@17.3/com.almasb.fxgl.physics.PhysicsWorld.checkCollisionsInGroup(PhysicsWorld.java:405)
	at com.almasb.fxgl.entity@17.3/com.almasb.fxgl.physics.PhysicsWorld.checkCollisions(PhysicsWorld.java:373)
	at com.almasb.fxgl.entity@17.3/com.almasb.fxgl.physics.PhysicsWorld.onUpdate(PhysicsWorld.java:179)
	at com.almasb.fxgl.all@17.3/com.almasb.fxgl.app.scene.GameScene.step(GameScene.kt:229)
	at com.almasb.fxgl.all@17.3/com.almasb.fxgl.app.scene.GameScene.onUpdate(GameScene.kt:224)
	at com.almasb.fxgl.scene@17.3/com.almasb.fxgl.scene.Scene.update(Scene.kt:105)
	at com.almasb.fxgl.all@17.3/com.almasb.fxgl.app.MainWindow$update$1.invoke(MainWindow.kt:115)
	at com.almasb.fxgl.all@17.3/com.almasb.fxgl.app.MainWindow$update$1.invoke(MainWindow.kt:115)
	at com.almasb.fxgl.core@17.3/com.almasb.fxgl.core.fsm.StateMachine.runOnActiveStates(StateMachine.kt:69)
	at com.almasb.fxgl.all@17.3/com.almasb.fxgl.app.MainWindow.update(MainWindow.kt:115)
	at com.almasb.fxgl.all@17.3/com.almasb.fxgl.app.FXGLApplication$GameApplicationService.onUpdate(FXGLApplication.kt:426)
	at com.almasb.fxgl.all@17.3/com.almasb.fxgl.app.Engine.loop(Engine.kt:134)
	at com.almasb.fxgl.all@17.3/com.almasb.fxgl.app.Engine.access$loop(Engine.kt:24)
	at com.almasb.fxgl.all@17.3/com.almasb.fxgl.app.Engine$loop$1.invoke(Engine.kt:28)
	at com.almasb.fxgl.all@17.3/com.almasb.fxgl.app.Engine$loop$1.invoke(Engine.kt:28)
	at com.almasb.fxgl.all@17.3/com.almasb.fxgl.app.LoopRunner.frame(LoopRunner.kt:103)
	at com.almasb.fxgl.all@17.3/com.almasb.fxgl.app.LoopRunner.access$frame(LoopRunner.kt:23)
	at com.almasb.fxgl.all@17.3/com.almasb.fxgl.app.LoopRunner$impl$2$1.onTick(LoopRunner.kt:57)
	at com.almasb.fxgl.all@17.3/com.almasb.fxgl.app.AnimationTimerLoop$timer$1.handle(LoopRunner.kt:137)
	at javafx.graphics/javafx.animation.AnimationTimer$AnimationTimerReceiver.lambda$handle$0(AnimationTimer.java:58)
	at java.base/java.security.AccessController.doPrivileged(AccessController.java:400)
	at javafx.graphics/javafx.animation.AnimationTimer$AnimationTimerReceiver.handle(AnimationTimer.java:57)
	at javafx.graphics/com.sun.scenario.animation.AbstractPrimaryTimer.timePulseImpl(AbstractPrimaryTimer.java:356)
	at javafx.graphics/com.sun.scenario.animation.AbstractPrimaryTimer$MainLoop.run(AbstractPrimaryTimer.java:266)
	at javafx.graphics/com.sun.javafx.tk.quantum.QuantumToolkit.pulse(QuantumToolkit.java:571)
	at javafx.graphics/com.sun.javafx.tk.quantum.QuantumToolkit.pulse(QuantumToolkit.java:555)
	at javafx.graphics/com.sun.javafx.tk.quantum.QuantumToolkit.pulseFromQueue(QuantumToolkit.java:548)
	at javafx.graphics/com.sun.javafx.tk.quantum.QuantumToolkit.lambda$runToolkit$11(QuantumToolkit.java:353)
	at javafx.graphics/com.sun.glass.ui.InvokeLaterDispatcher$Future.run(InvokeLaterDispatcher.java:96)
	at javafx.graphics/com.sun.glass.ui.win.WinApplication._runLoop(Native Method)
	at javafx.graphics/com.sun.glass.ui.win.WinApplication.lambda$runLoop$3(WinApplication.java:184)
	at java.base/java.lang.Thread.run(Thread.java:1575)

16:41:06.833 [JavaFX Application Thread] FATAL FXGLApplication      - Application will now exit
16:41:06.846 [JavaFX Application Thread] DEBUG PrimaryStageWindow   - Push state: ErrorSubScene
16:41:06.846 [JavaFX Application Thread] DEBUG Input                - Clearing active input actions
16:41:06.850 [JavaFX Application Thread] DEBUG GameApplicationServi - Removing overlay from GameScene and adding to ErrorSubScene
16:41:06.852 [JavaFX Application Thread] DEBUG PrimaryStageWindow   - GameScene -> ErrorSubScene
16:41:06.858 [FXGL Background Thread 3 ] DEBUG Engine               - Logging environment variables
16:41:06.858 [FXGL Background Thread 3 ] DEBUG Engine               - achievements: []
16:41:06.858 [FXGL Background Thread 3 ] DEBUG Engine               - actualHeight: 720.0
16:41:06.858 [FXGL Background Thread 3 ] DEBUG Engine               - actualHeightProperty: ReadOnlyDoubleProperty [value: 720.0]
16:41:06.858 [FXGL Background Thread 3 ] DEBUG Engine               - actualWidth: 1280.0
16:41:06.858 [FXGL Background Thread 3 ] DEBUG Engine               - actualWidthProperty: ReadOnlyDoubleProperty [value: 1280.0]
16:41:06.858 [FXGL Background Thread 3 ] DEBUG Engine               - appIcon: fxgl_icon.png
16:41:06.858 [FXGL Background Thread 3 ] DEBUG Engine               - applicationMode: DEVELOPER
16:41:06.858 [FXGL Background Thread 3 ] DEBUG Engine               - cSSList: [fxgl_dark.css]
16:41:06.858 [FXGL Background Thread 3 ] DEBUG Engine               - collisionDetectionStrategy: BRUTE_FORCE
16:41:06.859 [FXGL Background Thread 3 ] DEBUG Engine               - configClass: Optional.empty
16:41:06.859 [FXGL Background Thread 3 ] DEBUG Engine               - credits: []
16:41:06.859 [FXGL Background Thread 3 ] DEBUG Engine               - defaultCursor: CursorInfo(imageName=fxgl_default_cursor.png, hotspotX=7.0, hotspotY=6.0)
16:41:06.859 [FXGL Background Thread 3 ] DEBUG Engine               - devBBoxColorProperty: ObjectProperty [value: 0xff0000ff]
16:41:06.859 [FXGL Background Thread 3 ] DEBUG Engine               - devEnableDebugCameraProperty: BooleanProperty [value: false]
16:41:06.859 [FXGL Background Thread 3 ] DEBUG Engine               - devSensorColorProperty: ObjectProperty [value: 0xffff00ff]
16:41:06.859 [FXGL Background Thread 3 ] DEBUG Engine               - devShowBBoxProperty: BooleanProperty [value: false]
16:41:06.859 [FXGL Background Thread 3 ] DEBUG Engine               - devShowPositionProperty: BooleanProperty [value: false]
16:41:06.859 [FXGL Background Thread 3 ] DEBUG Engine               - enabledMenuItems: []
16:41:06.859 [FXGL Background Thread 3 ] DEBUG Engine               - engineServices: [class com.almasb.fxgl.app.services.FXGLAssetLoaderService, class com.almasb.fxgl.app.FXGLApplication$GameApplicationService, class com.almasb.fxgl.app.services.FXGLDialogService, class com.almasb.fxgl.app.services.IOTaskExecutorService, class com.almasb.fxgl.io.FileSystemService, class com.almasb.fxgl.localization.LocalizationService, class com.almasb.fxgl.app.services.SystemBundleService, class com.almasb.fxgl.profile.SaveLoadService, class com.almasb.fxgl.ui.FXGLUIFactoryServiceProvider, class com.almasb.fxgl.ui.FXGLDialogFactoryServiceProvider, class com.almasb.fxgl.audio.AudioPlayer, class com.almasb.fxgl.notification.impl.NotificationServiceProvider, class com.almasb.fxgl.achievement.AchievementService, class com.almasb.fxgl.cutscene.CutsceneService, class com.almasb.fxgl.minigames.MiniGameService, class com.almasb.fxgl.net.NetService, class com.almasb.fxgl.app.services.UpdaterService, class com.almasb.fxgl.dev.DevService]
16:41:06.859 [FXGL Background Thread 3 ] DEBUG Engine               - fontGame: Abel-Regular.ttf
16:41:06.860 [FXGL Background Thread 3 ] DEBUG Engine               - fontMono: TerminalLandMono-Regular.otf
16:41:06.860 [FXGL Background Thread 3 ] DEBUG Engine               - fontSizeScaleUI: 1.0
16:41:06.860 [FXGL Background Thread 3 ] DEBUG Engine               - fontText: Courier-Prime.ttf
16:41:06.860 [FXGL Background Thread 3 ] DEBUG Engine               - fontUI: VarelaRound-Regular.ttf
16:41:06.860 [FXGL Background Thread 3 ] DEBUG Engine               - fullScreen: BooleanProperty [value: false]
16:41:06.860 [FXGL Background Thread 3 ] DEBUG Engine               - gameDifficulty: MEDIUM
16:41:06.860 [FXGL Background Thread 3 ] DEBUG Engine               - gameDifficultyProperty: ObjectProperty [value: MEDIUM]
16:41:06.860 [FXGL Background Thread 3 ] DEBUG Engine               - globalMusicVolume: 0.5
16:41:06.860 [FXGL Background Thread 3 ] DEBUG Engine               - globalMusicVolumeProperty: DoubleProperty [value: 0.5]
16:41:06.860 [FXGL Background Thread 3 ] DEBUG Engine               - globalSoundVolume: 0.5
16:41:06.860 [FXGL Background Thread 3 ] DEBUG Engine               - globalSoundVolumeProperty: DoubleProperty [value: 0.5]
16:41:06.860 [FXGL Background Thread 3 ] DEBUG Engine               - height: 720
16:41:06.860 [FXGL Background Thread 3 ] DEBUG Engine               - is3D: false
16:41:06.860 [FXGL Background Thread 3 ] DEBUG Engine               - isAndroid: false
16:41:06.860 [FXGL Background Thread 3 ] DEBUG Engine               - isBrowser: false
16:41:06.861 [FXGL Background Thread 3 ] DEBUG Engine               - isClickFeedbackEnabled: false
16:41:06.861 [FXGL Background Thread 3 ] DEBUG Engine               - isCloseConfirmation: false
16:41:06.861 [FXGL Background Thread 3 ] DEBUG Engine               - isDesktop: true
16:41:06.861 [FXGL Background Thread 3 ] DEBUG Engine               - isDeveloperMenuEnabled: false
16:41:06.861 [FXGL Background Thread 3 ] DEBUG Engine               - isEmbedded: false
16:41:06.861 [FXGL Background Thread 3 ] DEBUG Engine               - isEntityPreloadEnabled: true
16:41:06.861 [FXGL Background Thread 3 ] DEBUG Engine               - isExperimentalTiledLargeMap: false
16:41:06.861 [FXGL Background Thread 3 ] DEBUG Engine               - isFileSystemWriteAllowed: true
16:41:06.861 [FXGL Background Thread 3 ] DEBUG Engine               - isFullScreenAllowed: false
16:41:06.861 [FXGL Background Thread 3 ] DEBUG Engine               - isFullScreenFromStart: false
16:41:06.861 [FXGL Background Thread 3 ] DEBUG Engine               - isGameMenuEnabled: true
16:41:06.861 [FXGL Background Thread 3 ] DEBUG Engine               - isIOS: false
16:41:06.861 [FXGL Background Thread 3 ] DEBUG Engine               - isIntroEnabled: false
16:41:06.861 [FXGL Background Thread 3 ] DEBUG Engine               - isLinux: false
16:41:06.861 [FXGL Background Thread 3 ] DEBUG Engine               - isMac: false
16:41:06.861 [FXGL Background Thread 3 ] DEBUG Engine               - isMainMenuEnabled: false
16:41:06.861 [FXGL Background Thread 3 ] DEBUG Engine               - isManualResizeEnabled: false
16:41:06.861 [FXGL Background Thread 3 ] DEBUG Engine               - isMobile: false
16:41:06.861 [FXGL Background Thread 3 ] DEBUG Engine               - isNative: false
16:41:06.861 [FXGL Background Thread 3 ] DEBUG Engine               - isPauseMusicWhenMinimized: true
16:41:06.861 [FXGL Background Thread 3 ] DEBUG Engine               - isPreserveResizeRatio: false
16:41:06.861 [FXGL Background Thread 3 ] DEBUG Engine               - isProfilingEnabled: false
16:41:06.861 [FXGL Background Thread 3 ] DEBUG Engine               - isScaleAffectedOnResize: true
16:41:06.862 [FXGL Background Thread 3 ] DEBUG Engine               - isSingleStep: false
16:41:06.862 [FXGL Background Thread 3 ] DEBUG Engine               - isUserProfileEnabled: false
16:41:06.862 [FXGL Background Thread 3 ] DEBUG Engine               - isWindows: true
16:41:06.862 [FXGL Background Thread 3 ] DEBUG Engine               - language: ObjectProperty [value: ENGLISH]
16:41:06.862 [FXGL Background Thread 3 ] DEBUG Engine               - menuKey: ESCAPE
16:41:06.862 [FXGL Background Thread 3 ] DEBUG Engine               - mouseSensitivity: 0.2
16:41:06.862 [FXGL Background Thread 3 ] DEBUG Engine               - notificationViewClass: class com.almasb.fxgl.notification.view.XboxNotificationView
16:41:06.862 [FXGL Background Thread 3 ] DEBUG Engine               - pixelsPerMeter: 50.0
16:41:06.862 [FXGL Background Thread 3 ] DEBUG Engine               - platform: WINDOWS
16:41:06.862 [FXGL Background Thread 3 ] DEBUG Engine               - prefHeightProperty: ReadOnlyDoubleProperty [value: 720.0]
16:41:06.862 [FXGL Background Thread 3 ] DEBUG Engine               - prefWidthProperty: ReadOnlyDoubleProperty [value: 1280.0]
16:41:06.862 [FXGL Background Thread 3 ] DEBUG Engine               - profileDir: profiles/
16:41:06.862 [FXGL Background Thread 3 ] DEBUG Engine               - profileName: StringProperty [value: DEFAULT]
16:41:06.862 [FXGL Background Thread 3 ] DEBUG Engine               - randomSeed: -1
16:41:06.862 [FXGL Background Thread 3 ] DEBUG Engine               - runtimeInfo: RuntimeInfo(platform=WINDOWS, version=17.3, build=30.03.2023 11.49)
16:41:06.862 [FXGL Background Thread 3 ] DEBUG Engine               - saveFileExt: sav
16:41:06.863 [FXGL Background Thread 3 ] DEBUG Engine               - scaledHeightProp$fxgl: DoubleProperty [bound, value: 720.0]
16:41:06.863 [FXGL Background Thread 3 ] DEBUG Engine               - scaledWidthProp$fxgl: DoubleProperty [bound, value: 1280.0]
16:41:06.863 [FXGL Background Thread 3 ] DEBUG Engine               - sceneFactory: com.almasb.fxgl.app.scene.SceneFactory@4eecfe1
16:41:06.863 [FXGL Background Thread 3 ] DEBUG Engine               - secondsIn24h: 60
16:41:06.863 [FXGL Background Thread 3 ] DEBUG Engine               - soundMenuBack: menu/back.wav
16:41:06.863 [FXGL Background Thread 3 ] DEBUG Engine               - soundMenuPress: menu/press.wav
16:41:06.863 [FXGL Background Thread 3 ] DEBUG Engine               - soundMenuSelect: menu/select.wav
16:41:06.863 [FXGL Background Thread 3 ] DEBUG Engine               - soundNotification: core/notification.wav
16:41:06.863 [FXGL Background Thread 3 ] DEBUG Engine               - stageStyle: DECORATED
16:41:06.863 [FXGL Background Thread 3 ] DEBUG Engine               - supportedLanguages: [ENGLISH, FRENCH, GERMAN, HUNGARIAN, RUSSIAN]
16:41:06.863 [FXGL Background Thread 3 ] DEBUG Engine               - ticksPerSecond: -1
16:41:06.863 [FXGL Background Thread 3 ] DEBUG Engine               - title: Joe and Marie
16:41:06.863 [FXGL Background Thread 3 ] DEBUG Engine               - urlGithub: https://github.com/AlmasB/FXGL
16:41:06.864 [FXGL Background Thread 3 ] DEBUG Engine               - urlLeaderboard: http://fxgl-top.herokuapp.com/
16:41:06.864 [FXGL Background Thread 3 ] DEBUG Engine               - urlPOM: https://raw.githubusercontent.com/AlmasB/FXGL/release/README.md
16:41:06.864 [FXGL Background Thread 3 ] DEBUG Engine               - userAppClass: class com.example.joeandmarie.MainApplication
16:41:06.864 [FXGL Background Thread 3 ] DEBUG Engine               - version: 0.0
16:41:06.864 [FXGL Background Thread 3 ] DEBUG Engine               - versionCheckDays: 7
16:41:06.864 [FXGL Background Thread 3 ] DEBUG Engine               - width: 1280
16:41:06.864 [FXGL Background Thread 3 ] DEBUG Engine               - Logging services
16:41:06.864 [FXGL Background Thread 3 ] DEBUG Engine               - class com.almasb.fxgl.app.services.FXGLAssetLoaderService
16:41:06.864 [FXGL Background Thread 3 ] DEBUG Engine               - class com.almasb.fxgl.app.FXGLApplication$GameApplicationService
16:41:06.864 [FXGL Background Thread 3 ] DEBUG Engine               - class com.almasb.fxgl.app.services.FXGLDialogService
16:41:06.864 [FXGL Background Thread 3 ] DEBUG Engine               - class com.almasb.fxgl.app.services.IOTaskExecutorService
16:41:06.864 [FXGL Background Thread 3 ] DEBUG Engine               - class com.almasb.fxgl.io.FileSystemService
16:41:06.864 [FXGL Background Thread 3 ] DEBUG Engine               - class com.almasb.fxgl.localization.LocalizationService
16:41:06.864 [FXGL Background Thread 3 ] DEBUG Engine               - class com.almasb.fxgl.app.services.SystemBundleService
16:41:06.864 [FXGL Background Thread 3 ] DEBUG Engine               - class com.almasb.fxgl.profile.SaveLoadService
16:41:06.864 [FXGL Background Thread 3 ] DEBUG Engine               - class com.almasb.fxgl.ui.FXGLUIFactoryServiceProvider
16:41:06.864 [FXGL Background Thread 3 ] DEBUG Engine               - class com.almasb.fxgl.ui.FXGLDialogFactoryServiceProvider
16:41:06.864 [FXGL Background Thread 3 ] DEBUG Engine               - class com.almasb.fxgl.audio.AudioPlayer
16:41:06.864 [FXGL Background Thread 3 ] DEBUG Engine               - class com.almasb.fxgl.notification.impl.NotificationServiceProvider
16:41:06.864 [FXGL Background Thread 3 ] DEBUG Engine               - class com.almasb.fxgl.achievement.AchievementService
16:41:06.864 [FXGL Background Thread 3 ] DEBUG Engine               - class com.almasb.fxgl.cutscene.CutsceneService
16:41:06.865 [FXGL Background Thread 3 ] DEBUG Engine               - class com.almasb.fxgl.minigames.MiniGameService
16:41:06.865 [FXGL Background Thread 3 ] DEBUG Engine               - class com.almasb.fxgl.net.NetService
16:41:06.865 [FXGL Background Thread 3 ] DEBUG Engine               - class com.almasb.fxgl.app.services.UpdaterService
16:41:06.865 [FXGL Background Thread 3 ] DEBUG Engine               - class com.almasb.fxgl.dev.DevService
16:41:12.984 [JavaFX Application Thread] DEBUG FXGLApplication      - Exiting FXGL
16:41:12.984 [JavaFX Application Thread] DEBUG Async                - Shutting down background threads
16:41:12.984 [JavaFX Application Thread] DEBUG PrimaryStageWindow   - Closing main window
16:41:12.993 [JavaFX Application Thread] DEBUG Logger               - Closing Logger
