17:27:03.012 [main                     ] DEBUG Logger               - Configured Logger
17:27:03.037 [main                     ] DEBUG GameApplication      - Logging settings
Title: Joe and Marie
Version: 0.0
Width: 1280
Height: 720
Fullscreen: false
Intro: false
Profiling: false
Single step:false
App Mode: DEVELOPER
Menu Key: ESCAPE
Stage Style: DECORATED
Scene Factory: class com.almasb.fxgl.app.scene.SceneFactory

17:27:03.558 [JavaFX Application Thread] DEBUG FXGLApplication      - Initializing FXGL
17:27:03.562 [JavaFX Application Thread] INFO  Engine               - FXGL-17.3 (30.03.2023 11.49) on WINDOWS (J:23.0.1 FX:17.0.6)
17:27:03.562 [JavaFX Application Thread] DEBUG Engine               - JRE Vendor Name: Oracle Corporation
17:27:03.562 [JavaFX Application Thread] DEBUG Engine               - Running on OS: Windows 11 version 10.0
17:27:03.562 [JavaFX Application Thread] DEBUG Engine               - Architecture: amd64
17:27:03.562 [JavaFX Application Thread] INFO  Engine               - Source code and latest versions at: https://github.com/AlmasB/FXGL
17:27:03.562 [JavaFX Application Thread] INFO  Engine               -       Ask questions and discuss at: https://github.com/AlmasB/FXGL/discussions
17:27:03.562 [JavaFX Application Thread] INFO  Engine               -              Join the FXGL chat at: https://gitter.im/AlmasB/FXGL
17:27:03.634 [JavaFX Application Thread] DEBUG PrimaryStageWindow   - Creating a JavaFX scene
17:27:03.674 [JavaFX Application Thread] DEBUG PrimaryStageWindow   - Target settings size: 1280.0 x 720.0
17:27:03.674 [JavaFX Application Thread] DEBUG PrimaryStageWindow   - Scaled scene size:    1280.0 x 720.0
17:27:03.674 [JavaFX Application Thread] DEBUG PrimaryStageWindow   - Scaled ratio: (1.0, 1.0)
17:27:03.676 [JavaFX Application Thread] DEBUG PrimaryStageWindow   - Set initial scene to FXGLStartupScene
17:27:03.681 [JavaFX Application Thread] DEBUG PrimaryStageWindow   - Opening main window
17:27:03.746 [JavaFX Application Thread] DEBUG PrimaryStageWindow   - Window border size: (16.0, 39.0)
17:27:03.747 [JavaFX Application Thread] DEBUG PrimaryStageWindow   - Scaled size: 1280.0 x 720.0
17:27:03.747 [JavaFX Application Thread] DEBUG PrimaryStageWindow   - Scaled ratio: (1.0, 1.0)
17:27:03.747 [JavaFX Application Thread] DEBUG PrimaryStageWindow   - Scene size: 1280.0 x 720.0
17:27:03.747 [JavaFX Application Thread] DEBUG PrimaryStageWindow   - Stage size: 1296.0 x 759.0
17:27:03.753 [FXGL Background Thread 1 ] DEBUG Engine               - Initializing environment variables
17:27:03.827 [FXGL Background Thread 1 ] DEBUG FXGLAssetLoaderServi - User app class for loading assets: class com.example.joeandmarie.MainApplication
17:27:03.827 [FXGL Background Thread 1 ] DEBUG GameApplicationServi - Applying CSS: fxgl_dark.css
17:27:03.828 [FXGL Background Thread 1 ] DEBUG FXGLAssetLoaderServi - Loading from file system: jar:file:///C:/Users/Lorine/.m2/repository/com/github/almasb/fxgl/17.3/fxgl-17.3.jar!/fxglassets/ui/css/fxgl_dark.css
17:27:03.872 [FXGL Background Thread 1 ] DEBUG GameApplicationServi - Initializing application scenes
17:27:03.914 [FXGL Background Thread 1 ] DEBUG GameWorld            - Game world initialized
17:27:03.978 [FXGL Background Thread 1 ] DEBUG PhysicsWorld         - Physics world initialized: appHeight=720, physics.ppm=50.0
17:27:03.979 [FXGL Background Thread 1 ] DEBUG PhysicsWorld         - Using strategy: BRUTE_FORCE
17:27:03.983 [FXGL Background Thread 1 ] DEBUG GameScene            - Game scene initialized: 1280x720
17:27:03.995 [FXGL Background Thread 1 ] DEBUG FXGL.DefaultMenu     - createMenuBodyGameMenu()
17:27:04.012 [FXGL Background Thread 1 ] DEBUG FXGL.DefaultMenu     - createOptionsMenu()
17:27:04.024 [FXGL Background Thread 1 ] DEBUG FXGLAssetLoaderServi - Loading from file system: jar:file:///C:/Users/Lorine/.m2/repository/com/github/almasb/fxgl/17.3/fxgl-17.3.jar!/fxglassets/textures/particles/smoke.png
17:27:04.100 [FXGL Background Thread 1 ] DEBUG FXGLAssetLoaderServi - Loading from file system: jar:file:///C:/Users/Lorine/.m2/repository/com/github/almasb/fxgl/17.3/fxgl-17.3.jar!/fxglassets/textures/particles/trace_horizontal.png
17:27:04.122 [FXGL Background Thread 1 ] DEBUG GameApplicationServi - Application scenes initialized
17:27:04.133 [FXGL Background Thread 1 ] DEBUG SystemBundleService  - Loading FXGL system data
17:27:04.137 [FXGL Background Thread 1 ] DEBUG FileSystemAccess     - Reading from: C:\Users\Lorine\IdeaProjects\JoeAndMarie\system\fxgl.bundle
17:27:04.146 [FXGL Background Thread 1 ] DEBUG SystemBundleService  - Bundle FXGL: {}
17:27:04.146 [FXGL Background Thread 1 ] DEBUG UpdaterService       - Checking for updates
17:27:04.151 [FXGL Background Thread 4 ] DEBUG FXGLApplication      - Loading fonts
17:27:04.151 [FXGL Background Thread 4 ] DEBUG FXGLAssetLoaderServi - Loading from file system: jar:file:///C:/Users/Lorine/.m2/repository/com/github/almasb/fxgl/17.3/fxgl-17.3.jar!/fxglassets/ui/fonts/VarelaRound-Regular.ttf
17:27:04.151 [FXGL Background Thread 1 ] DEBUG FXGLApplication      - Loading default localization
17:27:04.152 [FXGL Background Thread 1 ] DEBUG FXGLAssetLoaderServi - Loading from file system: jar:file:///C:/Users/Lorine/.m2/repository/com/github/almasb/fxgl/17.3/fxgl-17.3.jar!/fxglassets/languages/english.lang
17:27:04.171 [FXGL Background Thread 1 ] INFO  FXGLApplication      - FXGL initialization took: 0.417 sec
17:27:04.180 [JavaFX Application Thread] DEBUG Input                - Registered new binding: action0 - A
17:27:04.180 [JavaFX Application Thread] DEBUG Input                - Registered new binding: action1 - D
17:27:04.181 [JavaFX Application Thread] DEBUG Input                - Registered new binding: action2 - W
17:27:04.181 [JavaFX Application Thread] DEBUG Input                - Registered new binding: action3 - Left
17:27:04.182 [JavaFX Application Thread] DEBUG Input                - Registered new binding: action4 - Right
17:27:04.182 [JavaFX Application Thread] DEBUG Input                - Registered new binding: action5 - Up
17:27:04.182 [JavaFX Application Thread] DEBUG FXGLAssetLoaderServi - Loading from file system: jar:file:///C:/Users/Lorine/.m2/repository/com/github/almasb/fxgl/17.3/fxgl-17.3.jar!/fxglassets/textures/fxgl_icon.png
17:27:04.193 [FXGL Background Thread 4 ] DEBUG FXGLAssetLoaderServi - Loading from file system: jar:file:///C:/Users/Lorine/.m2/repository/com/github/almasb/fxgl/17.3/fxgl-17.3.jar!/fxglassets/ui/fonts/Abel-Regular.ttf
17:27:04.198 [JavaFX Application Thread] DEBUG FXGLAssetLoaderServi - Loading from file system: jar:file:///C:/Users/Lorine/.m2/repository/com/github/almasb/fxgl/17.3/fxgl-17.3.jar!/fxglassets/textures/fxgl_default_cursor.png
17:27:04.200 [JavaFX Application Thread] DEBUG Input                - Registered new binding: Screenshot - CTRL+8
17:27:04.200 [JavaFX Application Thread] DEBUG Input                - Registered new binding: System info dump - CTRL+9
17:27:04.201 [JavaFX Application Thread] DEBUG Input                - Registered new binding: Restart - CTRL+R
17:27:04.201 [JavaFX Application Thread] DEBUG Input                - Registered new binding: Toggle Debug Camera - CTRL+7
17:27:04.204 [JavaFX Application Thread] DEBUG LoopRunner           - Starting loop
17:27:04.204 [JavaFX Application Thread] DEBUG LoopRunner           - Initializing JavaFX AnimationTimerLoop
17:27:04.205 [FXGL Background Thread 4 ] DEBUG FXGLAssetLoaderServi - Loading from file system: jar:file:///C:/Users/Lorine/.m2/repository/com/github/almasb/fxgl/17.3/fxgl-17.3.jar!/fxglassets/ui/fonts/TerminalLandMono-Regular.otf
17:27:04.206 [JavaFX Application Thread] DEBUG GameApplicationServi - Starting new game
17:27:04.206 [JavaFX Application Thread] DEBUG Input                - Clearing active input actions
17:27:04.217 [JavaFX Application Thread] DEBUG GameApplicationServi - Removing overlay from FXGLStartupScene and adding to FXGLLoadingScene
17:27:04.217 [JavaFX Application Thread] DEBUG PrimaryStageWindow   - FXGLStartupScene -> FXGLLoadingScene
17:27:04.218 [JavaFX Application Thread] DEBUG GameApplicationServi - Clearing previous game
17:27:04.218 [JavaFX Application Thread] DEBUG GameScene            - Clearing game scene
17:27:04.218 [JavaFX Application Thread] DEBUG GameWorld            - Clearing game world
17:27:04.218 [FXGL Background Thread 4 ] DEBUG FXGLAssetLoaderServi - Loading from file system: jar:file:///C:/Users/Lorine/.m2/repository/com/github/almasb/fxgl/17.3/fxgl-17.3.jar!/fxglassets/ui/fonts/Courier-Prime.ttf
17:27:04.218 [JavaFX Application Thread] DEBUG PhysicsWorld         - Clearing physics world
17:27:04.219 [FXGL Background Thread 1 ] DEBUG FXGLApplication      - Initializing game
17:27:04.246 [FXGL Background Thread 1 ] DEBUG FXGLAssetLoaderServi - Loading from file system: file:/C:/Users/Lorine/IdeaProjects/JoeAndMarie/target/classes/assets/textures/meow_2.png
17:27:04.260 [JavaFX Application Thread] DEBUG FXGLApplication      - Registering font factories with UI factory
17:27:04.271 [FXGL Background Thread 1 ] DEBUG FXGLAssetLoaderServi - Loading from file system: file:/C:/Users/Lorine/IdeaProjects/JoeAndMarie/target/classes/assets/textures/meow_1.png
17:27:04.280 [FXGL Background Thread 1 ] INFO  FXGLApplication      - Game initialization took: 0.061 sec
17:27:04.340 [JavaFX Application Thread] DEBUG Input                - Clearing active input actions
17:27:04.348 [JavaFX Application Thread] DEBUG GameApplicationServi - Removing overlay from FXGLLoadingScene and adding to GameScene
17:27:04.348 [JavaFX Application Thread] DEBUG PrimaryStageWindow   - FXGLLoadingScene -> GameScene
17:27:04.728 [JavaFX Application Thread] DEBUG FXGLAssetLoaderServi - Loading from file system: file:/C:/Users/Lorine/IdeaProjects/JoeAndMarie/target/classes/assets/sounds/oof.wav
17:27:04.792 [JavaFX Application Thread] DEBUG FXGLAssetLoaderServi - Loading from file system: file:/C:/Users/Lorine/IdeaProjects/JoeAndMarie/target/classes/assets/textures/hug2.png
17:27:04.794 [JavaFX Application Thread] DEBUG FXGLAssetLoaderServi - Loading from file system: file:/C:/Users/Lorine/IdeaProjects/JoeAndMarie/target/classes/assets/textures/hug1.png
17:27:05.885 [JavaFX Application Thread] WARN  FXGLAssetLoaderServi - Asset "/assets/textures/meow_jm.png" was not found!
17:27:05.885 [JavaFX Application Thread] WARN  FXGLAssetLoaderServi - Failed to load IMAGE
17:27:05.891 [JavaFX Application Thread] WARN  FXGLAssetLoaderServi - Asset "/assets/textures/meow_jm.png" was not found!
17:27:05.891 [JavaFX Application Thread] WARN  FXGLAssetLoaderServi - Failed to load IMAGE
17:27:07.149 [FXGL Background Thread 3 ] DEBUG Engine               - Logging environment variables
17:27:07.149 [FXGL Background Thread 3 ] DEBUG Engine               - achievements: []
17:27:07.149 [FXGL Background Thread 3 ] DEBUG Engine               - actualHeight: 720.0
17:27:07.149 [FXGL Background Thread 3 ] DEBUG Engine               - actualHeightProperty: ReadOnlyDoubleProperty [value: 720.0]
17:27:07.149 [FXGL Background Thread 3 ] DEBUG Engine               - actualWidth: 1280.0
17:27:07.149 [FXGL Background Thread 3 ] DEBUG Engine               - actualWidthProperty: ReadOnlyDoubleProperty [value: 1280.0]
17:27:07.149 [FXGL Background Thread 3 ] DEBUG Engine               - appIcon: fxgl_icon.png
17:27:07.150 [FXGL Background Thread 3 ] DEBUG Engine               - applicationMode: DEVELOPER
17:27:07.150 [FXGL Background Thread 3 ] DEBUG Engine               - cSSList: [fxgl_dark.css]
17:27:07.150 [FXGL Background Thread 3 ] DEBUG Engine               - collisionDetectionStrategy: BRUTE_FORCE
17:27:07.150 [FXGL Background Thread 3 ] DEBUG Engine               - configClass: Optional.empty
17:27:07.150 [FXGL Background Thread 3 ] DEBUG Engine               - credits: []
17:27:07.150 [FXGL Background Thread 3 ] DEBUG Engine               - defaultCursor: CursorInfo(imageName=fxgl_default_cursor.png, hotspotX=7.0, hotspotY=6.0)
17:27:07.150 [FXGL Background Thread 3 ] DEBUG Engine               - devBBoxColorProperty: ObjectProperty [value: 0xff0000ff]
17:27:07.150 [FXGL Background Thread 3 ] DEBUG Engine               - devEnableDebugCameraProperty: BooleanProperty [value: false]
17:27:07.150 [FXGL Background Thread 3 ] DEBUG Engine               - devSensorColorProperty: ObjectProperty [value: 0xffff00ff]
17:27:07.150 [FXGL Background Thread 3 ] DEBUG Engine               - devShowBBoxProperty: BooleanProperty [value: false]
17:27:07.150 [FXGL Background Thread 3 ] DEBUG Engine               - devShowPositionProperty: BooleanProperty [value: false]
17:27:07.150 [FXGL Background Thread 3 ] DEBUG Engine               - enabledMenuItems: []
17:27:07.151 [FXGL Background Thread 3 ] DEBUG Engine               - engineServices: [class com.almasb.fxgl.app.services.FXGLAssetLoaderService, class com.almasb.fxgl.app.FXGLApplication$GameApplicationService, class com.almasb.fxgl.app.services.FXGLDialogService, class com.almasb.fxgl.app.services.IOTaskExecutorService, class com.almasb.fxgl.io.FileSystemService, class com.almasb.fxgl.localization.LocalizationService, class com.almasb.fxgl.app.services.SystemBundleService, class com.almasb.fxgl.profile.SaveLoadService, class com.almasb.fxgl.ui.FXGLUIFactoryServiceProvider, class com.almasb.fxgl.ui.FXGLDialogFactoryServiceProvider, class com.almasb.fxgl.audio.AudioPlayer, class com.almasb.fxgl.notification.impl.NotificationServiceProvider, class com.almasb.fxgl.achievement.AchievementService, class com.almasb.fxgl.cutscene.CutsceneService, class com.almasb.fxgl.minigames.MiniGameService, class com.almasb.fxgl.net.NetService, class com.almasb.fxgl.app.services.UpdaterService, class com.almasb.fxgl.dev.DevService]
17:27:07.151 [FXGL Background Thread 3 ] DEBUG Engine               - fontGame: Abel-Regular.ttf
17:27:07.151 [FXGL Background Thread 3 ] DEBUG Engine               - fontMono: TerminalLandMono-Regular.otf
17:27:07.151 [FXGL Background Thread 3 ] DEBUG Engine               - fontSizeScaleUI: 1.0
17:27:07.151 [FXGL Background Thread 3 ] DEBUG Engine               - fontText: Courier-Prime.ttf
17:27:07.151 [FXGL Background Thread 3 ] DEBUG Engine               - fontUI: VarelaRound-Regular.ttf
17:27:07.151 [FXGL Background Thread 3 ] DEBUG Engine               - fullScreen: BooleanProperty [value: false]
17:27:07.151 [FXGL Background Thread 3 ] DEBUG Engine               - gameDifficulty: MEDIUM
17:27:07.151 [FXGL Background Thread 3 ] DEBUG Engine               - gameDifficultyProperty: ObjectProperty [value: MEDIUM]
17:27:07.151 [FXGL Background Thread 3 ] DEBUG Engine               - globalMusicVolume: 0.5
17:27:07.151 [FXGL Background Thread 3 ] DEBUG Engine               - globalMusicVolumeProperty: DoubleProperty [value: 0.5]
17:27:07.151 [FXGL Background Thread 3 ] DEBUG Engine               - globalSoundVolume: 0.5
17:27:07.151 [FXGL Background Thread 3 ] DEBUG Engine               - globalSoundVolumeProperty: DoubleProperty [value: 0.5]
17:27:07.151 [FXGL Background Thread 3 ] DEBUG Engine               - height: 720
17:27:07.151 [FXGL Background Thread 3 ] DEBUG Engine               - is3D: false
17:27:07.151 [FXGL Background Thread 3 ] DEBUG Engine               - isAndroid: false
17:27:07.151 [FXGL Background Thread 3 ] DEBUG Engine               - isBrowser: false
17:27:07.151 [FXGL Background Thread 3 ] DEBUG Engine               - isClickFeedbackEnabled: false
17:27:07.151 [FXGL Background Thread 3 ] DEBUG Engine               - isCloseConfirmation: false
17:27:07.151 [FXGL Background Thread 3 ] DEBUG Engine               - isDesktop: true
17:27:07.151 [FXGL Background Thread 3 ] DEBUG Engine               - isDeveloperMenuEnabled: false
17:27:07.151 [FXGL Background Thread 3 ] DEBUG Engine               - isEmbedded: false
17:27:07.151 [FXGL Background Thread 3 ] DEBUG Engine               - isEntityPreloadEnabled: true
17:27:07.151 [FXGL Background Thread 3 ] DEBUG Engine               - isExperimentalTiledLargeMap: false
17:27:07.152 [FXGL Background Thread 3 ] DEBUG Engine               - isFileSystemWriteAllowed: true
17:27:07.152 [FXGL Background Thread 3 ] DEBUG Engine               - isFullScreenAllowed: false
17:27:07.152 [FXGL Background Thread 3 ] DEBUG Engine               - isFullScreenFromStart: false
17:27:07.152 [FXGL Background Thread 3 ] DEBUG Engine               - isGameMenuEnabled: true
17:27:07.152 [FXGL Background Thread 3 ] DEBUG Engine               - isIOS: false
17:27:07.152 [FXGL Background Thread 3 ] DEBUG Engine               - isIntroEnabled: false
17:27:07.152 [FXGL Background Thread 3 ] DEBUG Engine               - isLinux: false
17:27:07.152 [FXGL Background Thread 3 ] DEBUG Engine               - isMac: false
17:27:07.152 [FXGL Background Thread 3 ] DEBUG Engine               - isMainMenuEnabled: false
17:27:07.152 [FXGL Background Thread 3 ] DEBUG Engine               - isManualResizeEnabled: false
17:27:07.152 [FXGL Background Thread 3 ] DEBUG Engine               - isMobile: false
17:27:07.152 [FXGL Background Thread 3 ] DEBUG Engine               - isNative: false
17:27:07.152 [FXGL Background Thread 3 ] DEBUG Engine               - isPauseMusicWhenMinimized: true
17:27:07.152 [FXGL Background Thread 3 ] DEBUG Engine               - isPreserveResizeRatio: false
17:27:07.152 [FXGL Background Thread 3 ] DEBUG Engine               - isProfilingEnabled: false
17:27:07.152 [FXGL Background Thread 3 ] DEBUG Engine               - isScaleAffectedOnResize: true
17:27:07.152 [FXGL Background Thread 3 ] DEBUG Engine               - isSingleStep: false
17:27:07.152 [FXGL Background Thread 3 ] DEBUG Engine               - isUserProfileEnabled: false
17:27:07.152 [FXGL Background Thread 3 ] DEBUG Engine               - isWindows: true
17:27:07.152 [FXGL Background Thread 3 ] DEBUG Engine               - language: ObjectProperty [value: ENGLISH]
17:27:07.152 [FXGL Background Thread 3 ] DEBUG Engine               - menuKey: ESCAPE
17:27:07.152 [FXGL Background Thread 3 ] DEBUG Engine               - mouseSensitivity: 0.2
17:27:07.152 [FXGL Background Thread 3 ] DEBUG Engine               - notificationViewClass: class com.almasb.fxgl.notification.view.XboxNotificationView
17:27:07.152 [FXGL Background Thread 3 ] DEBUG Engine               - pixelsPerMeter: 50.0
17:27:07.152 [FXGL Background Thread 3 ] DEBUG Engine               - platform: WINDOWS
17:27:07.152 [FXGL Background Thread 3 ] DEBUG Engine               - prefHeightProperty: ReadOnlyDoubleProperty [value: 720.0]
17:27:07.152 [FXGL Background Thread 3 ] DEBUG Engine               - prefWidthProperty: ReadOnlyDoubleProperty [value: 1280.0]
17:27:07.152 [FXGL Background Thread 3 ] DEBUG Engine               - profileDir: profiles/
17:27:07.152 [FXGL Background Thread 3 ] DEBUG Engine               - profileName: StringProperty [value: DEFAULT]
17:27:07.152 [FXGL Background Thread 3 ] DEBUG Engine               - randomSeed: -1
17:27:07.152 [FXGL Background Thread 3 ] DEBUG Engine               - runtimeInfo: RuntimeInfo(platform=WINDOWS, version=17.3, build=30.03.2023 11.49)
17:27:07.153 [FXGL Background Thread 3 ] DEBUG Engine               - saveFileExt: sav
17:27:07.153 [FXGL Background Thread 3 ] DEBUG Engine               - scaledHeightProp$fxgl: DoubleProperty [bound, value: 720.0]
17:27:07.153 [FXGL Background Thread 3 ] DEBUG Engine               - scaledWidthProp$fxgl: DoubleProperty [bound, value: 1280.0]
17:27:07.153 [FXGL Background Thread 3 ] DEBUG Engine               - sceneFactory: com.almasb.fxgl.app.scene.SceneFactory@7b584b84
17:27:07.153 [FXGL Background Thread 3 ] DEBUG Engine               - secondsIn24h: 60
17:27:07.153 [FXGL Background Thread 3 ] DEBUG Engine               - soundMenuBack: menu/back.wav
17:27:07.153 [FXGL Background Thread 3 ] DEBUG Engine               - soundMenuPress: menu/press.wav
17:27:07.153 [FXGL Background Thread 3 ] DEBUG Engine               - soundMenuSelect: menu/select.wav
17:27:07.153 [FXGL Background Thread 3 ] DEBUG Engine               - soundNotification: core/notification.wav
17:27:07.153 [FXGL Background Thread 3 ] DEBUG Engine               - stageStyle: DECORATED
17:27:07.153 [FXGL Background Thread 3 ] DEBUG Engine               - supportedLanguages: [ENGLISH, FRENCH, GERMAN, HUNGARIAN, RUSSIAN]
17:27:07.153 [FXGL Background Thread 3 ] DEBUG Engine               - ticksPerSecond: -1
17:27:07.153 [FXGL Background Thread 3 ] DEBUG Engine               - title: Joe and Marie
17:27:07.153 [FXGL Background Thread 3 ] DEBUG Engine               - urlGithub: https://github.com/AlmasB/FXGL
17:27:07.153 [FXGL Background Thread 3 ] DEBUG Engine               - urlLeaderboard: http://fxgl-top.herokuapp.com/
17:27:07.153 [FXGL Background Thread 3 ] DEBUG Engine               - urlPOM: https://raw.githubusercontent.com/AlmasB/FXGL/release/README.md
17:27:07.153 [FXGL Background Thread 3 ] DEBUG Engine               - userAppClass: class com.example.joeandmarie.MainApplication
17:27:07.153 [FXGL Background Thread 3 ] DEBUG Engine               - version: 0.0
17:27:07.153 [FXGL Background Thread 3 ] DEBUG Engine               - versionCheckDays: 7
17:27:07.153 [FXGL Background Thread 3 ] DEBUG Engine               - width: 1280
17:27:07.153 [FXGL Background Thread 3 ] DEBUG Engine               - Logging services
17:27:07.153 [FXGL Background Thread 3 ] DEBUG Engine               - class com.almasb.fxgl.app.services.FXGLAssetLoaderService
17:27:07.153 [FXGL Background Thread 3 ] DEBUG Engine               - class com.almasb.fxgl.app.FXGLApplication$GameApplicationService
17:27:07.153 [FXGL Background Thread 3 ] DEBUG Engine               - class com.almasb.fxgl.app.services.FXGLDialogService
17:27:07.153 [FXGL Background Thread 3 ] DEBUG Engine               - class com.almasb.fxgl.app.services.IOTaskExecutorService
17:27:07.153 [FXGL Background Thread 3 ] DEBUG Engine               - class com.almasb.fxgl.io.FileSystemService
17:27:07.154 [FXGL Background Thread 3 ] DEBUG Engine               - class com.almasb.fxgl.localization.LocalizationService
17:27:07.154 [FXGL Background Thread 3 ] DEBUG Engine               - class com.almasb.fxgl.app.services.SystemBundleService
17:27:07.154 [FXGL Background Thread 3 ] DEBUG Engine               - class com.almasb.fxgl.profile.SaveLoadService
17:27:07.154 [FXGL Background Thread 3 ] DEBUG Engine               - class com.almasb.fxgl.ui.FXGLUIFactoryServiceProvider
17:27:07.154 [FXGL Background Thread 3 ] DEBUG Engine               - class com.almasb.fxgl.ui.FXGLDialogFactoryServiceProvider
17:27:07.154 [FXGL Background Thread 3 ] DEBUG Engine               - class com.almasb.fxgl.audio.AudioPlayer
17:27:07.154 [FXGL Background Thread 3 ] DEBUG Engine               - class com.almasb.fxgl.notification.impl.NotificationServiceProvider
17:27:07.154 [FXGL Background Thread 3 ] DEBUG Engine               - class com.almasb.fxgl.achievement.AchievementService
17:27:07.154 [FXGL Background Thread 3 ] DEBUG Engine               - class com.almasb.fxgl.cutscene.CutsceneService
17:27:07.154 [FXGL Background Thread 3 ] DEBUG Engine               - class com.almasb.fxgl.minigames.MiniGameService
17:27:07.154 [FXGL Background Thread 3 ] DEBUG Engine               - class com.almasb.fxgl.net.NetService
17:27:07.154 [FXGL Background Thread 3 ] DEBUG Engine               - class com.almasb.fxgl.app.services.UpdaterService
17:27:07.154 [FXGL Background Thread 3 ] DEBUG Engine               - class com.almasb.fxgl.dev.DevService
17:27:07.542 [JavaFX Application Thread] WARN  FXGLAssetLoaderServi - Asset "/assets/textures/meow_jm.png" was not found!
17:27:07.542 [JavaFX Application Thread] WARN  FXGLAssetLoaderServi - Failed to load IMAGE
17:27:07.542 [JavaFX Application Thread] WARN  FXGLAssetLoaderServi - Asset "/assets/textures/meow_jm.png" was not found!
17:27:07.542 [JavaFX Application Thread] WARN  FXGLAssetLoaderServi - Failed to load IMAGE
17:27:07.909 [FXGL Background Thread 2 ] INFO  UpdaterService       - Your current version:  17.3
17:27:07.909 [FXGL Background Thread 2 ] INFO  UpdaterService       - Latest stable version: 21.1
17:27:08.694 [JavaFX Application Thread] WARN  FXGLAssetLoaderServi - Asset "/assets/textures/meow_jm.png" was not found!
17:27:08.694 [JavaFX Application Thread] WARN  FXGLAssetLoaderServi - Failed to load IMAGE
17:27:08.694 [JavaFX Application Thread] WARN  FXGLAssetLoaderServi - Asset "/assets/textures/meow_jm.png" was not found!
17:27:08.694 [JavaFX Application Thread] WARN  FXGLAssetLoaderServi - Failed to load IMAGE
17:27:13.128 [JavaFX Application Thread] DEBUG FXGLApplication      - Exiting FXGL
17:27:13.128 [JavaFX Application Thread] DEBUG LoopRunner           - Stopping loop
17:27:13.128 [JavaFX Application Thread] DEBUG SystemBundleService  - Saving FXGL system data
17:27:13.129 [JavaFX Application Thread] DEBUG FileSystemAccess     - Writing to: C:\Users\Lorine\IdeaProjects\JoeAndMarie\system\fxgl.bundle
17:27:13.131 [JavaFX Application Thread] DEBUG Async                - Shutting down background threads
17:27:13.131 [JavaFX Application Thread] DEBUG PrimaryStageWindow   - Closing main window
17:27:13.146 [JavaFX Application Thread] DEBUG Logger               - Closing Logger
