21:58:58.751 [main                     ] DEBUG Logger               - Configured Logger
21:58:58.774 [main                     ] DEBUG GameApplication      - Logging settings
Title: Joe and Marie
Version: 0.0
Width: 1280
Height: 720
Fullscreen: false
Intro: false
Profiling: false
Single step:false
App Mode: DEVELOPER
Menu Key: ESCAPE
Stage Style: DECORATED
Scene Factory: class com.almasb.fxgl.app.scene.SceneFactory

21:58:59.282 [JavaFX Application Thread] DEBUG FXGLApplication      - Initializing FXGL
21:58:59.286 [JavaFX Application Thread] INFO  Engine               - FXGL-17.3 (30.03.2023 11.49) on WINDOWS (J:23.0.1 FX:17.0.6)
21:58:59.287 [JavaFX Application Thread] DEBUG Engine               - JRE Vendor Name: Oracle Corporation
21:58:59.287 [JavaFX Application Thread] DEBUG Engine               - Running on OS: Windows 11 version 10.0
21:58:59.287 [JavaFX Application Thread] DEBUG Engine               - Architecture: amd64
21:58:59.287 [JavaFX Application Thread] INFO  Engine               - Source code and latest versions at: https://github.com/AlmasB/FXGL
21:58:59.287 [JavaFX Application Thread] INFO  Engine               -       Ask questions and discuss at: https://github.com/AlmasB/FXGL/discussions
21:58:59.287 [JavaFX Application Thread] INFO  Engine               -              Join the FXGL chat at: https://gitter.im/AlmasB/FXGL
21:58:59.355 [JavaFX Application Thread] DEBUG PrimaryStageWindow   - Creating a JavaFX scene
21:58:59.392 [JavaFX Application Thread] DEBUG PrimaryStageWindow   - Target settings size: 1280.0 x 720.0
21:58:59.392 [JavaFX Application Thread] DEBUG PrimaryStageWindow   - Scaled scene size:    1280.0 x 720.0
21:58:59.392 [JavaFX Application Thread] DEBUG PrimaryStageWindow   - Scaled ratio: (1.0, 1.0)
21:58:59.393 [JavaFX Application Thread] DEBUG PrimaryStageWindow   - Set initial scene to FXGLStartupScene
21:58:59.398 [JavaFX Application Thread] DEBUG PrimaryStageWindow   - Opening main window
21:58:59.459 [JavaFX Application Thread] DEBUG PrimaryStageWindow   - Window border size: (16.0, 39.0)
21:58:59.459 [JavaFX Application Thread] DEBUG PrimaryStageWindow   - Scaled size: 1280.0 x 720.0
21:58:59.459 [JavaFX Application Thread] DEBUG PrimaryStageWindow   - Scaled ratio: (1.0, 1.0)
21:58:59.459 [JavaFX Application Thread] DEBUG PrimaryStageWindow   - Scene size: 1280.0 x 720.0
21:58:59.459 [JavaFX Application Thread] DEBUG PrimaryStageWindow   - Stage size: 1296.0 x 759.0
21:58:59.467 [FXGL Background Thread 1 ] DEBUG Engine               - Initializing environment variables
21:58:59.539 [FXGL Background Thread 1 ] DEBUG FXGLAssetLoaderServi - User app class for loading assets: class com.example.joeandmarie.MainApplication
21:58:59.539 [FXGL Background Thread 1 ] DEBUG GameApplicationServi - Applying CSS: fxgl_dark.css
21:58:59.540 [FXGL Background Thread 1 ] DEBUG FXGLAssetLoaderServi - Loading from file system: jar:file:///C:/Users/Lorine/.m2/repository/com/github/almasb/fxgl/17.3/fxgl-17.3.jar!/fxglassets/ui/css/fxgl_dark.css
21:58:59.583 [FXGL Background Thread 1 ] DEBUG GameApplicationServi - Initializing application scenes
21:58:59.620 [FXGL Background Thread 1 ] DEBUG GameWorld            - Game world initialized
21:58:59.681 [FXGL Background Thread 1 ] DEBUG PhysicsWorld         - Physics world initialized: appHeight=720, physics.ppm=50.0
21:58:59.681 [FXGL Background Thread 1 ] DEBUG PhysicsWorld         - Using strategy: BRUTE_FORCE
21:58:59.686 [FXGL Background Thread 1 ] DEBUG GameScene            - Game scene initialized: 1280x720
21:58:59.696 [FXGL Background Thread 1 ] DEBUG FXGL.DefaultMenu     - createMenuBodyGameMenu()
21:58:59.708 [FXGL Background Thread 1 ] DEBUG FXGL.DefaultMenu     - createOptionsMenu()
21:58:59.717 [FXGL Background Thread 1 ] DEBUG FXGLAssetLoaderServi - Loading from file system: jar:file:///C:/Users/Lorine/.m2/repository/com/github/almasb/fxgl/17.3/fxgl-17.3.jar!/fxglassets/textures/particles/smoke.png
21:58:59.798 [FXGL Background Thread 1 ] DEBUG FXGLAssetLoaderServi - Loading from file system: jar:file:///C:/Users/Lorine/.m2/repository/com/github/almasb/fxgl/17.3/fxgl-17.3.jar!/fxglassets/textures/particles/trace_horizontal.png
21:58:59.821 [FXGL Background Thread 1 ] DEBUG GameApplicationServi - Application scenes initialized
21:58:59.831 [FXGL Background Thread 1 ] DEBUG SystemBundleService  - Loading FXGL system data
21:58:59.833 [FXGL Background Thread 1 ] DEBUG FileSystemAccess     - Reading from: C:\Users\Lorine\IdeaProjects\JoeAndMarie\system\fxgl.bundle
21:58:59.839 [FXGL Background Thread 1 ] DEBUG SystemBundleService  - Bundle FXGL: {}
21:58:59.839 [FXGL Background Thread 1 ] DEBUG UpdaterService       - Checking for updates
21:58:59.843 [FXGL Background Thread 4 ] DEBUG FXGLApplication      - Loading fonts
21:58:59.844 [FXGL Background Thread 4 ] DEBUG FXGLAssetLoaderServi - Loading from file system: jar:file:///C:/Users/Lorine/.m2/repository/com/github/almasb/fxgl/17.3/fxgl-17.3.jar!/fxglassets/ui/fonts/VarelaRound-Regular.ttf
21:58:59.844 [FXGL Background Thread 1 ] DEBUG FXGLApplication      - Loading default localization
21:58:59.845 [FXGL Background Thread 1 ] DEBUG FXGLAssetLoaderServi - Loading from file system: jar:file:///C:/Users/Lorine/.m2/repository/com/github/almasb/fxgl/17.3/fxgl-17.3.jar!/fxglassets/languages/english.lang
21:58:59.866 [FXGL Background Thread 1 ] INFO  FXGLApplication      - FXGL initialization took: 0.399 sec
21:58:59.867 [JavaFX Application Thread] DEBUG FXGLAssetLoaderServi - Loading from file system: jar:file:///C:/Users/Lorine/.m2/repository/com/github/almasb/fxgl/17.3/fxgl-17.3.jar!/fxglassets/textures/fxgl_icon.png
21:58:59.890 [JavaFX Application Thread] DEBUG FXGLAssetLoaderServi - Loading from file system: jar:file:///C:/Users/Lorine/.m2/repository/com/github/almasb/fxgl/17.3/fxgl-17.3.jar!/fxglassets/textures/fxgl_default_cursor.png
21:58:59.891 [FXGL Background Thread 4 ] DEBUG FXGLAssetLoaderServi - Loading from file system: jar:file:///C:/Users/Lorine/.m2/repository/com/github/almasb/fxgl/17.3/fxgl-17.3.jar!/fxglassets/ui/fonts/Abel-Regular.ttf
21:58:59.904 [JavaFX Application Thread] DEBUG Input                - Registered new binding: Screenshot - CTRL+8
21:58:59.905 [FXGL Background Thread 4 ] DEBUG FXGLAssetLoaderServi - Loading from file system: jar:file:///C:/Users/Lorine/.m2/repository/com/github/almasb/fxgl/17.3/fxgl-17.3.jar!/fxglassets/ui/fonts/TerminalLandMono-Regular.otf
21:58:59.905 [JavaFX Application Thread] DEBUG Input                - Registered new binding: System info dump - CTRL+9
21:58:59.905 [JavaFX Application Thread] DEBUG Input                - Registered new binding: Restart - CTRL+R
21:58:59.906 [JavaFX Application Thread] DEBUG Input                - Registered new binding: Toggle Debug Camera - CTRL+7
21:58:59.909 [JavaFX Application Thread] DEBUG LoopRunner           - Starting loop
21:58:59.909 [JavaFX Application Thread] DEBUG LoopRunner           - Initializing JavaFX AnimationTimerLoop
21:58:59.910 [JavaFX Application Thread] DEBUG GameApplicationServi - Starting new game
21:58:59.911 [JavaFX Application Thread] DEBUG Input                - Clearing active input actions
21:58:59.919 [FXGL Background Thread 4 ] DEBUG FXGLAssetLoaderServi - Loading from file system: jar:file:///C:/Users/Lorine/.m2/repository/com/github/almasb/fxgl/17.3/fxgl-17.3.jar!/fxglassets/ui/fonts/Courier-Prime.ttf
21:58:59.922 [JavaFX Application Thread] DEBUG GameApplicationServi - Removing overlay from FXGLStartupScene and adding to FXGLLoadingScene
21:58:59.923 [JavaFX Application Thread] DEBUG PrimaryStageWindow   - FXGLStartupScene -> FXGLLoadingScene
21:58:59.923 [JavaFX Application Thread] DEBUG GameApplicationServi - Clearing previous game
21:58:59.923 [JavaFX Application Thread] DEBUG GameScene            - Clearing game scene
21:58:59.923 [JavaFX Application Thread] DEBUG GameWorld            - Clearing game world
21:58:59.923 [JavaFX Application Thread] DEBUG PhysicsWorld         - Clearing physics world
21:58:59.924 [FXGL Background Thread 1 ] DEBUG FXGLApplication      - Initializing game
21:58:59.935 [FXGL Background Thread 1 ] DEBUG FXGLAssetLoaderServi - Loading from file system: file:/C:/Users/Lorine/IdeaProjects/JoeAndMarie/target/classes/assets/textures/joe_spritesheet.png
21:58:59.965 [JavaFX Application Thread] DEBUG FXGLApplication      - Registering font factories with UI factory
21:58:59.976 [FXGL Background Thread 1 ] DEBUG FXGLAssetLoaderServi - Loading from file system: file:/C:/Users/Lorine/IdeaProjects/JoeAndMarie/target/classes/assets/textures/meow_1.png
21:58:59.993 [FXGL Background Thread 1 ] INFO  FXGLApplication      - Game initialization took: 0.069 sec
21:59:00.035 [JavaFX Application Thread] DEBUG Input                - Clearing active input actions
21:59:00.044 [JavaFX Application Thread] DEBUG GameApplicationServi - Removing overlay from FXGLLoadingScene and adding to GameScene
21:59:00.044 [JavaFX Application Thread] DEBUG PrimaryStageWindow   - FXGLLoadingScene -> GameScene
21:59:00.059 [JavaFX Application Thread] DEBUG Input                - Registered new binding: action0 - W
21:59:00.060 [JavaFX Application Thread] DEBUG Input                - Registered new binding: action1 - A
21:59:00.060 [JavaFX Application Thread] DEBUG Input                - Registered new binding: action2 - D
21:59:00.061 [JavaFX Application Thread] DEBUG Input                - Registered new binding: action3 - S
21:59:00.346 [FXGL Background Thread 2 ] INFO  UpdaterService       - Your current version:  17.3
21:59:00.347 [FXGL Background Thread 2 ] INFO  UpdaterService       - Latest stable version: 21.1
21:59:01.431 [JavaFX Application Thread] DEBUG FXGLApplication      - Exiting FXGL
21:59:01.431 [JavaFX Application Thread] DEBUG LoopRunner           - Stopping loop
21:59:01.432 [JavaFX Application Thread] DEBUG SystemBundleService  - Saving FXGL system data
21:59:01.433 [JavaFX Application Thread] DEBUG FileSystemAccess     - Writing to: C:\Users\Lorine\IdeaProjects\JoeAndMarie\system\fxgl.bundle
21:59:01.435 [JavaFX Application Thread] DEBUG Async                - Shutting down background threads
21:59:01.435 [JavaFX Application Thread] DEBUG PrimaryStageWindow   - Closing main window
21:59:01.446 [JavaFX Application Thread] DEBUG Logger               - Closing Logger
