17:10:39.852 [main                     ] DEBUG Logger               - Configured Logger
17:10:39.872 [main                     ] DEBUG GameApplication      - Logging settings
Title: Joe and Marie
Version: 0.0
Width: 1280
Height: 720
Fullscreen: false
Intro: false
Profiling: false
Single step:false
App Mode: DEVELOPER
Menu Key: ESCAPE
Stage Style: DECORATED
Scene Factory: class com.almasb.fxgl.app.scene.SceneFactory

17:10:40.359 [JavaFX Application Thread] DEBUG FXGLApplication      - Initializing FXGL
17:10:40.362 [JavaFX Application Thread] INFO  Engine               - FXGL-17.3 (30.03.2023 11.49) on WINDOWS (J:23.0.1 FX:17.0.6)
17:10:40.362 [JavaFX Application Thread] DEBUG Engine               - JRE Vendor Name: Oracle Corporation
17:10:40.363 [JavaFX Application Thread] DEBUG Engine               - Running on OS: Windows 11 version 10.0
17:10:40.363 [JavaFX Application Thread] DEBUG Engine               - Architecture: amd64
17:10:40.363 [JavaFX Application Thread] INFO  Engine               - Source code and latest versions at: https://github.com/AlmasB/FXGL
17:10:40.363 [JavaFX Application Thread] INFO  Engine               -       Ask questions and discuss at: https://github.com/AlmasB/FXGL/discussions
17:10:40.363 [JavaFX Application Thread] INFO  Engine               -              Join the FXGL chat at: https://gitter.im/AlmasB/FXGL
17:10:40.433 [JavaFX Application Thread] DEBUG PrimaryStageWindow   - Creating a JavaFX scene
17:10:40.469 [JavaFX Application Thread] DEBUG PrimaryStageWindow   - Target settings size: 1280.0 x 720.0
17:10:40.469 [JavaFX Application Thread] DEBUG PrimaryStageWindow   - Scaled scene size:    1280.0 x 720.0
17:10:40.470 [JavaFX Application Thread] DEBUG PrimaryStageWindow   - Scaled ratio: (1.0, 1.0)
17:10:40.470 [JavaFX Application Thread] DEBUG PrimaryStageWindow   - Set initial scene to FXGLStartupScene
17:10:40.475 [JavaFX Application Thread] DEBUG PrimaryStageWindow   - Opening main window
17:10:40.532 [JavaFX Application Thread] DEBUG PrimaryStageWindow   - Window border size: (16.0, 39.0)
17:10:40.532 [JavaFX Application Thread] DEBUG PrimaryStageWindow   - Scaled size: 1280.0 x 720.0
17:10:40.532 [JavaFX Application Thread] DEBUG PrimaryStageWindow   - Scaled ratio: (1.0, 1.0)
17:10:40.532 [JavaFX Application Thread] DEBUG PrimaryStageWindow   - Scene size: 1280.0 x 720.0
17:10:40.532 [JavaFX Application Thread] DEBUG PrimaryStageWindow   - Stage size: 1296.0 x 759.0
17:10:40.539 [FXGL Background Thread 1 ] DEBUG Engine               - Initializing environment variables
17:10:40.611 [FXGL Background Thread 1 ] DEBUG FXGLAssetLoaderServi - User app class for loading assets: class com.example.joeandmarie.MainApplication
17:10:40.611 [FXGL Background Thread 1 ] DEBUG GameApplicationServi - Applying CSS: fxgl_dark.css
17:10:40.613 [FXGL Background Thread 1 ] DEBUG FXGLAssetLoaderServi - Loading from file system: jar:file:///C:/Users/Lorine/.m2/repository/com/github/almasb/fxgl/17.3/fxgl-17.3.jar!/fxglassets/ui/css/fxgl_dark.css
17:10:40.654 [FXGL Background Thread 1 ] DEBUG GameApplicationServi - Initializing application scenes
17:10:40.692 [FXGL Background Thread 1 ] DEBUG GameWorld            - Game world initialized
17:10:40.755 [FXGL Background Thread 1 ] DEBUG PhysicsWorld         - Physics world initialized: appHeight=720, physics.ppm=50.0
17:10:40.755 [FXGL Background Thread 1 ] DEBUG PhysicsWorld         - Using strategy: BRUTE_FORCE
17:10:40.760 [FXGL Background Thread 1 ] DEBUG GameScene            - Game scene initialized: 1280x720
17:10:40.772 [FXGL Background Thread 1 ] DEBUG FXGL.DefaultMenu     - createMenuBodyGameMenu()
17:10:40.788 [FXGL Background Thread 1 ] DEBUG FXGL.DefaultMenu     - createOptionsMenu()
17:10:40.798 [FXGL Background Thread 1 ] DEBUG FXGLAssetLoaderServi - Loading from file system: jar:file:///C:/Users/Lorine/.m2/repository/com/github/almasb/fxgl/17.3/fxgl-17.3.jar!/fxglassets/textures/particles/smoke.png
17:10:40.874 [FXGL Background Thread 1 ] DEBUG FXGLAssetLoaderServi - Loading from file system: jar:file:///C:/Users/Lorine/.m2/repository/com/github/almasb/fxgl/17.3/fxgl-17.3.jar!/fxglassets/textures/particles/trace_horizontal.png
17:10:40.897 [FXGL Background Thread 1 ] DEBUG GameApplicationServi - Application scenes initialized
17:10:40.906 [FXGL Background Thread 1 ] DEBUG SystemBundleService  - Loading FXGL system data
17:10:40.910 [FXGL Background Thread 1 ] DEBUG FileSystemAccess     - Reading from: C:\Users\Lorine\IdeaProjects\JoeAndMarie\system\fxgl.bundle
17:10:40.915 [FXGL Background Thread 1 ] DEBUG SystemBundleService  - Bundle FXGL: {}
17:10:40.915 [FXGL Background Thread 1 ] DEBUG UpdaterService       - Checking for updates
17:10:40.919 [FXGL Background Thread 4 ] DEBUG FXGLApplication      - Loading fonts
17:10:40.920 [FXGL Background Thread 4 ] DEBUG FXGLAssetLoaderServi - Loading from file system: jar:file:///C:/Users/Lorine/.m2/repository/com/github/almasb/fxgl/17.3/fxgl-17.3.jar!/fxglassets/ui/fonts/VarelaRound-Regular.ttf
17:10:40.920 [FXGL Background Thread 1 ] DEBUG FXGLApplication      - Loading default localization
17:10:40.920 [FXGL Background Thread 1 ] DEBUG FXGLAssetLoaderServi - Loading from file system: jar:file:///C:/Users/Lorine/.m2/repository/com/github/almasb/fxgl/17.3/fxgl-17.3.jar!/fxglassets/languages/english.lang
17:10:40.939 [FXGL Background Thread 1 ] INFO  FXGLApplication      - FXGL initialization took: 0.400 sec
17:10:40.951 [JavaFX Application Thread] DEBUG Input                - Registered new binding: action0 - A
17:10:40.951 [JavaFX Application Thread] DEBUG Input                - Registered new binding: action1 - D
17:10:40.952 [JavaFX Application Thread] DEBUG Input                - Registered new binding: action2 - W
17:10:40.952 [JavaFX Application Thread] DEBUG Input                - Registered new binding: action3 - Left
17:10:40.953 [JavaFX Application Thread] DEBUG Input                - Registered new binding: action4 - Right
17:10:40.953 [JavaFX Application Thread] DEBUG Input                - Registered new binding: action5 - Up
17:10:40.953 [JavaFX Application Thread] DEBUG FXGLAssetLoaderServi - Loading from file system: jar:file:///C:/Users/Lorine/.m2/repository/com/github/almasb/fxgl/17.3/fxgl-17.3.jar!/fxglassets/textures/fxgl_icon.png
17:10:40.959 [FXGL Background Thread 4 ] DEBUG FXGLAssetLoaderServi - Loading from file system: jar:file:///C:/Users/Lorine/.m2/repository/com/github/almasb/fxgl/17.3/fxgl-17.3.jar!/fxglassets/ui/fonts/Abel-Regular.ttf
17:10:40.972 [FXGL Background Thread 4 ] DEBUG FXGLAssetLoaderServi - Loading from file system: jar:file:///C:/Users/Lorine/.m2/repository/com/github/almasb/fxgl/17.3/fxgl-17.3.jar!/fxglassets/ui/fonts/TerminalLandMono-Regular.otf
17:10:40.972 [JavaFX Application Thread] DEBUG FXGLAssetLoaderServi - Loading from file system: jar:file:///C:/Users/Lorine/.m2/repository/com/github/almasb/fxgl/17.3/fxgl-17.3.jar!/fxglassets/textures/fxgl_default_cursor.png
17:10:40.975 [JavaFX Application Thread] DEBUG Input                - Registered new binding: Screenshot - CTRL+8
17:10:40.976 [JavaFX Application Thread] DEBUG Input                - Registered new binding: System info dump - CTRL+9
17:10:40.976 [JavaFX Application Thread] DEBUG Input                - Registered new binding: Restart - CTRL+R
17:10:40.976 [JavaFX Application Thread] DEBUG Input                - Registered new binding: Toggle Debug Camera - CTRL+7
17:10:40.979 [JavaFX Application Thread] DEBUG LoopRunner           - Starting loop
17:10:40.980 [JavaFX Application Thread] DEBUG LoopRunner           - Initializing JavaFX AnimationTimerLoop
17:10:40.982 [JavaFX Application Thread] DEBUG GameApplicationServi - Starting new game
17:10:40.982 [JavaFX Application Thread] DEBUG Input                - Clearing active input actions
17:10:40.985 [FXGL Background Thread 4 ] DEBUG FXGLAssetLoaderServi - Loading from file system: jar:file:///C:/Users/Lorine/.m2/repository/com/github/almasb/fxgl/17.3/fxgl-17.3.jar!/fxglassets/ui/fonts/Courier-Prime.ttf
17:10:40.992 [JavaFX Application Thread] DEBUG GameApplicationServi - Removing overlay from FXGLStartupScene and adding to FXGLLoadingScene
17:10:40.993 [JavaFX Application Thread] DEBUG PrimaryStageWindow   - FXGLStartupScene -> FXGLLoadingScene
17:10:40.993 [JavaFX Application Thread] DEBUG GameApplicationServi - Clearing previous game
17:10:40.993 [JavaFX Application Thread] DEBUG GameScene            - Clearing game scene
17:10:40.993 [JavaFX Application Thread] DEBUG GameWorld            - Clearing game world
17:10:40.993 [JavaFX Application Thread] DEBUG PhysicsWorld         - Clearing physics world
17:10:40.994 [FXGL Background Thread 1 ] DEBUG FXGLApplication      - Initializing game
17:10:41.010 [FXGL Background Thread 1 ] DEBUG FXGLAssetLoaderServi - Loading from file system: file:/C:/Users/Lorine/IdeaProjects/JoeAndMarie/target/classes/assets/textures/meow_jm.png
17:10:41.025 [JavaFX Application Thread] DEBUG FXGLApplication      - Registering font factories with UI factory
17:10:41.031 [FXGL Background Thread 1 ] INFO  FXGLApplication      - Game initialization took: 0.037 sec
17:10:41.031 [JavaFX Application Thread] DEBUG Input                - Clearing active input actions
17:10:41.040 [JavaFX Application Thread] DEBUG GameApplicationServi - Removing overlay from FXGLLoadingScene and adding to GameScene
17:10:41.040 [JavaFX Application Thread] DEBUG PrimaryStageWindow   - FXGLLoadingScene -> GameScene
17:10:41.560 [FXGL Background Thread 2 ] INFO  UpdaterService       - Your current version:  17.3
17:10:41.560 [FXGL Background Thread 2 ] INFO  UpdaterService       - Latest stable version: 21.1
17:10:43.878 [JavaFX Application Thread] DEBUG FXGLApplication      - Exiting FXGL
17:10:43.878 [JavaFX Application Thread] DEBUG LoopRunner           - Stopping loop
17:10:43.878 [JavaFX Application Thread] DEBUG SystemBundleService  - Saving FXGL system data
17:10:43.880 [JavaFX Application Thread] DEBUG FileSystemAccess     - Writing to: C:\Users\Lorine\IdeaProjects\JoeAndMarie\system\fxgl.bundle
17:10:43.881 [JavaFX Application Thread] DEBUG Async                - Shutting down background threads
17:10:43.881 [JavaFX Application Thread] DEBUG PrimaryStageWindow   - Closing main window
17:10:43.894 [JavaFX Application Thread] DEBUG Logger               - Closing Logger
