15:07:07.883 [main                     ] DEBUG Logger               - Configured Logger
15:07:07.919 [main                     ] DEBUG GameApplication      - Logging settings
Title: Joe and Marie
Version: 0.0
Width: 1280
Height: 720
Fullscreen: false
Intro: false
Profiling: false
Single step:false
App Mode: DEVELOPER
Menu Key: ESCAPE
Stage Style: DECORATED
Scene Factory: class com.almasb.fxgl.app.scene.SceneFactory

15:07:08.767 [JavaFX Application Thread] DEBUG FXGLApplication      - Initializing FXGL
15:07:08.772 [JavaFX Application Thread] INFO  Engine               - FXGL-17.3 (30.03.2023 11.49) on WINDOWS (J:23.0.1 FX:17.0.6)
15:07:08.773 [JavaFX Application Thread] DEBUG Engine               - JRE Vendor Name: Oracle Corporation
15:07:08.773 [JavaFX Application Thread] DEBUG Engine               - Running on OS: Windows 11 version 10.0
15:07:08.774 [JavaFX Application Thread] DEBUG Engine               - Architecture: amd64
15:07:08.774 [JavaFX Application Thread] INFO  Engine               - Source code and latest versions at: https://github.com/AlmasB/FXGL
15:07:08.774 [JavaFX Application Thread] INFO  Engine               -       Ask questions and discuss at: https://github.com/AlmasB/FXGL/discussions
15:07:08.774 [JavaFX Application Thread] INFO  Engine               -              Join the FXGL chat at: https://gitter.im/AlmasB/FXGL
15:07:08.909 [JavaFX Application Thread] DEBUG PrimaryStageWindow   - Creating a JavaFX scene
15:07:08.976 [JavaFX Application Thread] DEBUG PrimaryStageWindow   - Target settings size: 1280.0 x 720.0
15:07:08.976 [JavaFX Application Thread] DEBUG PrimaryStageWindow   - Scaled scene size:    1280.0 x 720.0
15:07:08.976 [JavaFX Application Thread] DEBUG PrimaryStageWindow   - Scaled ratio: (1.0, 1.0)
15:07:08.978 [JavaFX Application Thread] DEBUG PrimaryStageWindow   - Set initial scene to FXGLStartupScene
15:07:08.988 [JavaFX Application Thread] DEBUG PrimaryStageWindow   - Opening main window
15:07:09.092 [JavaFX Application Thread] DEBUG PrimaryStageWindow   - Window border size: (16.0, 39.0)
15:07:09.092 [JavaFX Application Thread] DEBUG PrimaryStageWindow   - Scaled size: 1280.0 x 720.0
15:07:09.092 [JavaFX Application Thread] DEBUG PrimaryStageWindow   - Scaled ratio: (1.0, 1.0)
15:07:09.092 [JavaFX Application Thread] DEBUG PrimaryStageWindow   - Scene size: 1280.0 x 720.0
15:07:09.093 [JavaFX Application Thread] DEBUG PrimaryStageWindow   - Stage size: 1296.0 x 759.0
15:07:09.106 [FXGL Background Thread 1 ] DEBUG Engine               - Initializing environment variables
15:07:09.232 [FXGL Background Thread 1 ] DEBUG FXGLAssetLoaderServi - User app class for loading assets: class com.example.joeandmarie.MainApplication
15:07:09.233 [FXGL Background Thread 1 ] DEBUG GameApplicationServi - Applying CSS: fxgl_dark.css
15:07:09.234 [FXGL Background Thread 1 ] DEBUG FXGLAssetLoaderServi - Loading from file system: jar:file:///C:/Users/Lorine/.m2/repository/com/github/almasb/fxgl/17.3/fxgl-17.3.jar!/fxglassets/ui/css/fxgl_dark.css
15:07:09.306 [FXGL Background Thread 1 ] DEBUG GameApplicationServi - Initializing application scenes
15:07:09.352 [FXGL Background Thread 1 ] DEBUG GameWorld            - Game world initialized
15:07:09.454 [FXGL Background Thread 1 ] DEBUG PhysicsWorld         - Physics world initialized: appHeight=720, physics.ppm=50.0
15:07:09.455 [FXGL Background Thread 1 ] DEBUG PhysicsWorld         - Using strategy: BRUTE_FORCE
15:07:09.460 [FXGL Background Thread 1 ] DEBUG GameScene            - Game scene initialized: 1280x720
15:07:09.476 [FXGL Background Thread 1 ] DEBUG FXGL.DefaultMenu     - createMenuBodyGameMenu()
15:07:09.497 [FXGL Background Thread 1 ] DEBUG FXGL.DefaultMenu     - createOptionsMenu()
15:07:09.514 [FXGL Background Thread 1 ] DEBUG FXGLAssetLoaderServi - Loading from file system: jar:file:///C:/Users/Lorine/.m2/repository/com/github/almasb/fxgl/17.3/fxgl-17.3.jar!/fxglassets/textures/particles/smoke.png
15:07:09.658 [FXGL Background Thread 1 ] DEBUG FXGLAssetLoaderServi - Loading from file system: jar:file:///C:/Users/Lorine/.m2/repository/com/github/almasb/fxgl/17.3/fxgl-17.3.jar!/fxglassets/textures/particles/trace_horizontal.png
15:07:09.697 [FXGL Background Thread 1 ] DEBUG GameApplicationServi - Application scenes initialized
15:07:09.713 [FXGL Background Thread 1 ] DEBUG SystemBundleService  - Loading FXGL system data
15:07:09.718 [FXGL Background Thread 1 ] DEBUG FileSystemAccess     - Reading from: C:\Users\Lorine\IdeaProjects\JoeAndMarie\system\fxgl.bundle
15:07:09.727 [FXGL Background Thread 1 ] DEBUG SystemBundleService  - Bundle FXGL: {}
15:07:09.727 [FXGL Background Thread 1 ] DEBUG UpdaterService       - Checking for updates
15:07:09.733 [FXGL Background Thread 4 ] DEBUG FXGLApplication      - Loading fonts
15:07:09.734 [FXGL Background Thread 4 ] DEBUG FXGLAssetLoaderServi - Loading from file system: jar:file:///C:/Users/Lorine/.m2/repository/com/github/almasb/fxgl/17.3/fxgl-17.3.jar!/fxglassets/ui/fonts/VarelaRound-Regular.ttf
15:07:09.734 [FXGL Background Thread 1 ] DEBUG FXGLApplication      - Loading default localization
15:07:09.735 [FXGL Background Thread 1 ] DEBUG FXGLAssetLoaderServi - Loading from file system: jar:file:///C:/Users/Lorine/.m2/repository/com/github/almasb/fxgl/17.3/fxgl-17.3.jar!/fxglassets/languages/english.lang
15:07:09.762 [FXGL Background Thread 1 ] INFO  FXGLApplication      - FXGL initialization took: 0.656 sec
15:07:09.764 [JavaFX Application Thread] DEBUG FXGLAssetLoaderServi - Loading from file system: jar:file:///C:/Users/Lorine/.m2/repository/com/github/almasb/fxgl/17.3/fxgl-17.3.jar!/fxglassets/textures/fxgl_icon.png
15:07:09.792 [JavaFX Application Thread] DEBUG FXGLAssetLoaderServi - Loading from file system: jar:file:///C:/Users/Lorine/.m2/repository/com/github/almasb/fxgl/17.3/fxgl-17.3.jar!/fxglassets/textures/fxgl_default_cursor.png
15:07:09.793 [FXGL Background Thread 4 ] DEBUG FXGLAssetLoaderServi - Loading from file system: jar:file:///C:/Users/Lorine/.m2/repository/com/github/almasb/fxgl/17.3/fxgl-17.3.jar!/fxglassets/ui/fonts/Abel-Regular.ttf
15:07:09.808 [JavaFX Application Thread] DEBUG Input                - Registered new binding: Screenshot - CTRL+8
15:07:09.809 [JavaFX Application Thread] DEBUG Input                - Registered new binding: System info dump - CTRL+9
15:07:09.809 [FXGL Background Thread 4 ] DEBUG FXGLAssetLoaderServi - Loading from file system: jar:file:///C:/Users/Lorine/.m2/repository/com/github/almasb/fxgl/17.3/fxgl-17.3.jar!/fxglassets/ui/fonts/TerminalLandMono-Regular.otf
15:07:09.809 [JavaFX Application Thread] DEBUG Input                - Registered new binding: Restart - CTRL+R
15:07:09.810 [JavaFX Application Thread] DEBUG Input                - Registered new binding: Toggle Debug Camera - CTRL+7
15:07:09.813 [JavaFX Application Thread] DEBUG LoopRunner           - Starting loop
15:07:09.813 [JavaFX Application Thread] DEBUG LoopRunner           - Initializing JavaFX AnimationTimerLoop
15:07:09.815 [JavaFX Application Thread] DEBUG GameApplicationServi - Starting new game
15:07:09.816 [JavaFX Application Thread] DEBUG Input                - Clearing active input actions
15:07:09.826 [FXGL Background Thread 4 ] DEBUG FXGLAssetLoaderServi - Loading from file system: jar:file:///C:/Users/Lorine/.m2/repository/com/github/almasb/fxgl/17.3/fxgl-17.3.jar!/fxglassets/ui/fonts/Courier-Prime.ttf
15:07:09.831 [JavaFX Application Thread] DEBUG GameApplicationServi - Removing overlay from FXGLStartupScene and adding to FXGLLoadingScene
15:07:09.832 [JavaFX Application Thread] DEBUG PrimaryStageWindow   - FXGLStartupScene -> FXGLLoadingScene
15:07:09.832 [JavaFX Application Thread] DEBUG GameApplicationServi - Clearing previous game
15:07:09.832 [JavaFX Application Thread] DEBUG GameScene            - Clearing game scene
15:07:09.832 [JavaFX Application Thread] DEBUG GameWorld            - Clearing game world
15:07:09.833 [JavaFX Application Thread] DEBUG PhysicsWorld         - Clearing physics world
15:07:09.835 [FXGL Background Thread 1 ] DEBUG FXGLApplication      - Initializing game
15:07:09.851 [FXGL Background Thread 1 ] DEBUG FXGLAssetLoaderServi - Loading from file system: file:/C:/Users/Lorine/IdeaProjects/JoeAndMarie/target/classes/assets/textures/joe_spritesheet_upscaled.png
15:07:09.880 [JavaFX Application Thread] DEBUG FXGLApplication      - Registering font factories with UI factory
15:07:09.907 [FXGL Background Thread 1 ] DEBUG FXGLAssetLoaderServi - Loading from file system: file:/C:/Users/Lorine/IdeaProjects/JoeAndMarie/target/classes/assets/textures/marie_spritesheet_upscaled.png
15:07:09.930 [FXGL Background Thread 1 ] INFO  FXGLApplication      - Game initialization took: 0.095 sec
15:07:09.972 [JavaFX Application Thread] DEBUG Input                - Clearing active input actions
15:07:09.985 [JavaFX Application Thread] DEBUG GameApplicationServi - Removing overlay from FXGLLoadingScene and adding to GameScene
15:07:09.985 [JavaFX Application Thread] DEBUG PrimaryStageWindow   - FXGLLoadingScene -> GameScene
15:07:10.005 [JavaFX Application Thread] DEBUG Input                - Registered new binding: action0 - W
15:07:10.006 [JavaFX Application Thread] DEBUG Input                - Registered new binding: action1 - A
15:07:10.007 [JavaFX Application Thread] DEBUG Input                - Registered new binding: action2 - D
15:07:10.007 [JavaFX Application Thread] DEBUG Input                - Registered new binding: action3 - S
15:07:10.008 [JavaFX Application Thread] DEBUG Input                - Registered new binding: action4 - Up
15:07:10.008 [JavaFX Application Thread] DEBUG Input                - Registered new binding: action5 - Left
15:07:10.009 [JavaFX Application Thread] DEBUG Input                - Registered new binding: action6 - Right
15:07:10.009 [JavaFX Application Thread] DEBUG Input                - Registered new binding: action7 - Down
15:07:11.276 [FXGL Background Thread 2 ] INFO  UpdaterService       - Your current version:  17.3
15:07:11.276 [FXGL Background Thread 2 ] INFO  UpdaterService       - Latest stable version: 21.1
15:07:12.734 [FXGL Background Thread 3 ] DEBUG Engine               - Logging environment variables
15:07:12.735 [FXGL Background Thread 3 ] DEBUG Engine               - achievements: []
15:07:12.735 [FXGL Background Thread 3 ] DEBUG Engine               - actualHeight: 720.0
15:07:12.735 [FXGL Background Thread 3 ] DEBUG Engine               - actualHeightProperty: ReadOnlyDoubleProperty [value: 720.0]
15:07:12.736 [FXGL Background Thread 3 ] DEBUG Engine               - actualWidth: 1280.0
15:07:12.736 [FXGL Background Thread 3 ] DEBUG Engine               - actualWidthProperty: ReadOnlyDoubleProperty [value: 1280.0]
15:07:12.736 [FXGL Background Thread 3 ] DEBUG Engine               - appIcon: fxgl_icon.png
15:07:12.736 [FXGL Background Thread 3 ] DEBUG Engine               - applicationMode: DEVELOPER
15:07:12.736 [FXGL Background Thread 3 ] DEBUG Engine               - cSSList: [fxgl_dark.css]
15:07:12.736 [FXGL Background Thread 3 ] DEBUG Engine               - collisionDetectionStrategy: BRUTE_FORCE
15:07:12.736 [FXGL Background Thread 3 ] DEBUG Engine               - configClass: Optional.empty
15:07:12.737 [FXGL Background Thread 3 ] DEBUG Engine               - credits: []
15:07:12.737 [FXGL Background Thread 3 ] DEBUG Engine               - defaultCursor: CursorInfo(imageName=fxgl_default_cursor.png, hotspotX=7.0, hotspotY=6.0)
15:07:12.738 [FXGL Background Thread 3 ] DEBUG Engine               - devBBoxColorProperty: ObjectProperty [value: 0xff0000ff]
15:07:12.738 [FXGL Background Thread 3 ] DEBUG Engine               - devEnableDebugCameraProperty: BooleanProperty [value: false]
15:07:12.738 [FXGL Background Thread 3 ] DEBUG Engine               - devSensorColorProperty: ObjectProperty [value: 0xffff00ff]
15:07:12.738 [FXGL Background Thread 3 ] DEBUG Engine               - devShowBBoxProperty: BooleanProperty [value: false]
15:07:12.738 [FXGL Background Thread 3 ] DEBUG Engine               - devShowPositionProperty: BooleanProperty [value: false]
15:07:12.738 [FXGL Background Thread 3 ] DEBUG Engine               - enabledMenuItems: []
15:07:12.739 [FXGL Background Thread 3 ] DEBUG Engine               - engineServices: [class com.almasb.fxgl.app.services.FXGLAssetLoaderService, class com.almasb.fxgl.app.FXGLApplication$GameApplicationService, class com.almasb.fxgl.app.services.FXGLDialogService, class com.almasb.fxgl.app.services.IOTaskExecutorService, class com.almasb.fxgl.io.FileSystemService, class com.almasb.fxgl.localization.LocalizationService, class com.almasb.fxgl.app.services.SystemBundleService, class com.almasb.fxgl.profile.SaveLoadService, class com.almasb.fxgl.ui.FXGLUIFactoryServiceProvider, class com.almasb.fxgl.ui.FXGLDialogFactoryServiceProvider, class com.almasb.fxgl.audio.AudioPlayer, class com.almasb.fxgl.notification.impl.NotificationServiceProvider, class com.almasb.fxgl.achievement.AchievementService, class com.almasb.fxgl.cutscene.CutsceneService, class com.almasb.fxgl.minigames.MiniGameService, class com.almasb.fxgl.net.NetService, class com.almasb.fxgl.app.services.UpdaterService, class com.almasb.fxgl.dev.DevService]
15:07:12.739 [FXGL Background Thread 3 ] DEBUG Engine               - fontGame: Abel-Regular.ttf
15:07:12.739 [FXGL Background Thread 3 ] DEBUG Engine               - fontMono: TerminalLandMono-Regular.otf
15:07:12.739 [FXGL Background Thread 3 ] DEBUG Engine               - fontSizeScaleUI: 1.0
15:07:12.739 [FXGL Background Thread 3 ] DEBUG Engine               - fontText: Courier-Prime.ttf
15:07:12.739 [FXGL Background Thread 3 ] DEBUG Engine               - fontUI: VarelaRound-Regular.ttf
15:07:12.739 [FXGL Background Thread 3 ] DEBUG Engine               - fullScreen: BooleanProperty [value: false]
15:07:12.739 [FXGL Background Thread 3 ] DEBUG Engine               - gameDifficulty: MEDIUM
15:07:12.739 [FXGL Background Thread 3 ] DEBUG Engine               - gameDifficultyProperty: ObjectProperty [value: MEDIUM]
15:07:12.740 [FXGL Background Thread 3 ] DEBUG Engine               - globalMusicVolume: 0.5
15:07:12.740 [FXGL Background Thread 3 ] DEBUG Engine               - globalMusicVolumeProperty: DoubleProperty [value: 0.5]
15:07:12.740 [FXGL Background Thread 3 ] DEBUG Engine               - globalSoundVolume: 0.5
15:07:12.740 [FXGL Background Thread 3 ] DEBUG Engine               - globalSoundVolumeProperty: DoubleProperty [value: 0.5]
15:07:12.740 [FXGL Background Thread 3 ] DEBUG Engine               - height: 720
15:07:12.740 [FXGL Background Thread 3 ] DEBUG Engine               - is3D: false
15:07:12.740 [FXGL Background Thread 3 ] DEBUG Engine               - isAndroid: false
15:07:12.740 [FXGL Background Thread 3 ] DEBUG Engine               - isBrowser: false
15:07:12.741 [FXGL Background Thread 3 ] DEBUG Engine               - isClickFeedbackEnabled: false
15:07:12.741 [FXGL Background Thread 3 ] DEBUG Engine               - isCloseConfirmation: false
15:07:12.741 [FXGL Background Thread 3 ] DEBUG Engine               - isDesktop: true
15:07:12.741 [FXGL Background Thread 3 ] DEBUG Engine               - isDeveloperMenuEnabled: false
15:07:12.741 [FXGL Background Thread 3 ] DEBUG Engine               - isEmbedded: false
15:07:12.741 [FXGL Background Thread 3 ] DEBUG Engine               - isEntityPreloadEnabled: true
15:07:12.741 [FXGL Background Thread 3 ] DEBUG Engine               - isExperimentalTiledLargeMap: false
15:07:12.741 [FXGL Background Thread 3 ] DEBUG Engine               - isFileSystemWriteAllowed: true
15:07:12.741 [FXGL Background Thread 3 ] DEBUG Engine               - isFullScreenAllowed: false
15:07:12.742 [FXGL Background Thread 3 ] DEBUG Engine               - isFullScreenFromStart: false
15:07:12.742 [FXGL Background Thread 3 ] DEBUG Engine               - isGameMenuEnabled: true
15:07:12.742 [FXGL Background Thread 3 ] DEBUG Engine               - isIOS: false
15:07:12.742 [FXGL Background Thread 3 ] DEBUG Engine               - isIntroEnabled: false
15:07:12.742 [FXGL Background Thread 3 ] DEBUG Engine               - isLinux: false
15:07:12.742 [FXGL Background Thread 3 ] DEBUG Engine               - isMac: false
15:07:12.742 [FXGL Background Thread 3 ] DEBUG Engine               - isMainMenuEnabled: false
15:07:12.742 [FXGL Background Thread 3 ] DEBUG Engine               - isManualResizeEnabled: false
15:07:12.742 [FXGL Background Thread 3 ] DEBUG Engine               - isMobile: false
15:07:12.743 [FXGL Background Thread 3 ] DEBUG Engine               - isNative: false
15:07:12.743 [FXGL Background Thread 3 ] DEBUG Engine               - isPauseMusicWhenMinimized: true
15:07:12.743 [FXGL Background Thread 3 ] DEBUG Engine               - isPreserveResizeRatio: false
15:07:12.743 [FXGL Background Thread 3 ] DEBUG Engine               - isProfilingEnabled: false
15:07:12.743 [FXGL Background Thread 3 ] DEBUG Engine               - isScaleAffectedOnResize: true
15:07:12.743 [FXGL Background Thread 3 ] DEBUG Engine               - isSingleStep: false
15:07:12.743 [FXGL Background Thread 3 ] DEBUG Engine               - isUserProfileEnabled: false
15:07:12.743 [FXGL Background Thread 3 ] DEBUG Engine               - isWindows: true
15:07:12.743 [FXGL Background Thread 3 ] DEBUG Engine               - language: ObjectProperty [value: ENGLISH]
15:07:12.743 [FXGL Background Thread 3 ] DEBUG Engine               - menuKey: ESCAPE
15:07:12.744 [FXGL Background Thread 3 ] DEBUG Engine               - mouseSensitivity: 0.2
15:07:12.744 [FXGL Background Thread 3 ] DEBUG Engine               - notificationViewClass: class com.almasb.fxgl.notification.view.XboxNotificationView
15:07:12.744 [FXGL Background Thread 3 ] DEBUG Engine               - pixelsPerMeter: 50.0
15:07:12.744 [FXGL Background Thread 3 ] DEBUG Engine               - platform: WINDOWS
15:07:12.744 [FXGL Background Thread 3 ] DEBUG Engine               - prefHeightProperty: ReadOnlyDoubleProperty [value: 720.0]
15:07:12.744 [FXGL Background Thread 3 ] DEBUG Engine               - prefWidthProperty: ReadOnlyDoubleProperty [value: 1280.0]
15:07:12.744 [FXGL Background Thread 3 ] DEBUG Engine               - profileDir: profiles/
15:07:12.744 [FXGL Background Thread 3 ] DEBUG Engine               - profileName: StringProperty [value: DEFAULT]
15:07:12.744 [FXGL Background Thread 3 ] DEBUG Engine               - randomSeed: -1
15:07:12.745 [FXGL Background Thread 3 ] DEBUG Engine               - runtimeInfo: RuntimeInfo(platform=WINDOWS, version=17.3, build=30.03.2023 11.49)
15:07:12.745 [FXGL Background Thread 3 ] DEBUG Engine               - saveFileExt: sav
15:07:12.745 [FXGL Background Thread 3 ] DEBUG Engine               - scaledHeightProp$fxgl: DoubleProperty [bound, value: 720.0]
15:07:12.745 [FXGL Background Thread 3 ] DEBUG Engine               - scaledWidthProp$fxgl: DoubleProperty [bound, value: 1280.0]
15:07:12.745 [FXGL Background Thread 3 ] DEBUG Engine               - sceneFactory: com.almasb.fxgl.app.scene.SceneFactory@1a597c10
15:07:12.745 [FXGL Background Thread 3 ] DEBUG Engine               - secondsIn24h: 60
15:07:12.745 [FXGL Background Thread 3 ] DEBUG Engine               - soundMenuBack: menu/back.wav
15:07:12.745 [FXGL Background Thread 3 ] DEBUG Engine               - soundMenuPress: menu/press.wav
15:07:12.745 [FXGL Background Thread 3 ] DEBUG Engine               - soundMenuSelect: menu/select.wav
15:07:12.745 [FXGL Background Thread 3 ] DEBUG Engine               - soundNotification: core/notification.wav
15:07:12.746 [FXGL Background Thread 3 ] DEBUG Engine               - stageStyle: DECORATED
15:07:12.746 [FXGL Background Thread 3 ] DEBUG Engine               - supportedLanguages: [ENGLISH, FRENCH, GERMAN, HUNGARIAN, RUSSIAN]
15:07:12.746 [FXGL Background Thread 3 ] DEBUG Engine               - ticksPerSecond: -1
15:07:12.746 [FXGL Background Thread 3 ] DEBUG Engine               - title: Joe and Marie
15:07:12.746 [FXGL Background Thread 3 ] DEBUG Engine               - urlGithub: https://github.com/AlmasB/FXGL
15:07:12.746 [FXGL Background Thread 3 ] DEBUG Engine               - urlLeaderboard: http://fxgl-top.herokuapp.com/
15:07:12.746 [FXGL Background Thread 3 ] DEBUG Engine               - urlPOM: https://raw.githubusercontent.com/AlmasB/FXGL/release/README.md
15:07:12.746 [FXGL Background Thread 3 ] DEBUG Engine               - userAppClass: class com.example.joeandmarie.MainApplication
15:07:12.746 [FXGL Background Thread 3 ] DEBUG Engine               - version: 0.0
15:07:12.746 [FXGL Background Thread 3 ] DEBUG Engine               - versionCheckDays: 7
15:07:12.746 [FXGL Background Thread 3 ] DEBUG Engine               - width: 1280
15:07:12.747 [FXGL Background Thread 3 ] DEBUG Engine               - Logging services
15:07:12.747 [FXGL Background Thread 3 ] DEBUG Engine               - class com.almasb.fxgl.app.services.FXGLAssetLoaderService
15:07:12.747 [FXGL Background Thread 3 ] DEBUG Engine               - class com.almasb.fxgl.app.FXGLApplication$GameApplicationService
15:07:12.747 [FXGL Background Thread 3 ] DEBUG Engine               - class com.almasb.fxgl.app.services.FXGLDialogService
15:07:12.747 [FXGL Background Thread 3 ] DEBUG Engine               - class com.almasb.fxgl.app.services.IOTaskExecutorService
15:07:12.747 [FXGL Background Thread 3 ] DEBUG Engine               - class com.almasb.fxgl.io.FileSystemService
15:07:12.747 [FXGL Background Thread 3 ] DEBUG Engine               - class com.almasb.fxgl.localization.LocalizationService
15:07:12.747 [FXGL Background Thread 3 ] DEBUG Engine               - class com.almasb.fxgl.app.services.SystemBundleService
15:07:12.747 [FXGL Background Thread 3 ] DEBUG Engine               - class com.almasb.fxgl.profile.SaveLoadService
15:07:12.747 [FXGL Background Thread 3 ] DEBUG Engine               - class com.almasb.fxgl.ui.FXGLUIFactoryServiceProvider
15:07:12.747 [FXGL Background Thread 3 ] DEBUG Engine               - class com.almasb.fxgl.ui.FXGLDialogFactoryServiceProvider
15:07:12.747 [FXGL Background Thread 3 ] DEBUG Engine               - class com.almasb.fxgl.audio.AudioPlayer
15:07:12.747 [FXGL Background Thread 3 ] DEBUG Engine               - class com.almasb.fxgl.notification.impl.NotificationServiceProvider
15:07:12.747 [FXGL Background Thread 3 ] DEBUG Engine               - class com.almasb.fxgl.achievement.AchievementService
15:07:12.748 [FXGL Background Thread 3 ] DEBUG Engine               - class com.almasb.fxgl.cutscene.CutsceneService
15:07:12.748 [FXGL Background Thread 3 ] DEBUG Engine               - class com.almasb.fxgl.minigames.MiniGameService
15:07:12.748 [FXGL Background Thread 3 ] DEBUG Engine               - class com.almasb.fxgl.net.NetService
15:07:12.748 [FXGL Background Thread 3 ] DEBUG Engine               - class com.almasb.fxgl.app.services.UpdaterService
15:07:12.748 [FXGL Background Thread 3 ] DEBUG Engine               - class com.almasb.fxgl.dev.DevService
15:07:42.535 [JavaFX Application Thread] DEBUG FXGLApplication      - Exiting FXGL
15:07:42.535 [JavaFX Application Thread] DEBUG LoopRunner           - Stopping loop
15:07:42.535 [JavaFX Application Thread] DEBUG SystemBundleService  - Saving FXGL system data
15:07:42.538 [JavaFX Application Thread] DEBUG FileSystemAccess     - Writing to: C:\Users\Lorine\IdeaProjects\JoeAndMarie\system\fxgl.bundle
15:07:42.541 [JavaFX Application Thread] DEBUG Async                - Shutting down background threads
15:07:42.541 [JavaFX Application Thread] DEBUG PrimaryStageWindow   - Closing main window
15:07:42.563 [JavaFX Application Thread] DEBUG Logger               - Closing Logger
