17:14:28.330 [main                     ] DEBUG Logger               - Configured Logger
17:14:28.350 [main                     ] DEBUG GameApplication      - Logging settings
Title: Joe and Marie
Version: 0.0
Width: 1280
Height: 720
Fullscreen: false
Intro: false
Profiling: false
Single step:false
App Mode: DEVELOPER
Menu Key: ESCAPE
Stage Style: DECORATED
Scene Factory: class com.almasb.fxgl.app.scene.SceneFactory

17:14:28.855 [JavaFX Application Thread] DEBUG FXGLApplication      - Initializing FXGL
17:14:28.859 [JavaFX Application Thread] INFO  Engine               - FXGL-17.3 (30.03.2023 11.49) on WINDOWS (J:23.0.1 FX:17.0.6)
17:14:28.859 [JavaFX Application Thread] DEBUG Engine               - JRE Vendor Name: Oracle Corporation
17:14:28.859 [JavaFX Application Thread] DEBUG Engine               - Running on OS: Windows 11 version 10.0
17:14:28.859 [JavaFX Application Thread] DEBUG Engine               - Architecture: amd64
17:14:28.859 [JavaFX Application Thread] INFO  Engine               - Source code and latest versions at: https://github.com/AlmasB/FXGL
17:14:28.859 [JavaFX Application Thread] INFO  Engine               -       Ask questions and discuss at: https://github.com/AlmasB/FXGL/discussions
17:14:28.859 [JavaFX Application Thread] INFO  Engine               -              Join the FXGL chat at: https://gitter.im/AlmasB/FXGL
17:14:28.929 [JavaFX Application Thread] DEBUG PrimaryStageWindow   - Creating a JavaFX scene
17:14:28.969 [JavaFX Application Thread] DEBUG PrimaryStageWindow   - Target settings size: 1280.0 x 720.0
17:14:28.969 [JavaFX Application Thread] DEBUG PrimaryStageWindow   - Scaled scene size:    1280.0 x 720.0
17:14:28.969 [JavaFX Application Thread] DEBUG PrimaryStageWindow   - Scaled ratio: (1.0, 1.0)
17:14:28.970 [JavaFX Application Thread] DEBUG PrimaryStageWindow   - Set initial scene to FXGLStartupScene
17:14:28.976 [JavaFX Application Thread] DEBUG PrimaryStageWindow   - Opening main window
17:14:29.036 [JavaFX Application Thread] DEBUG PrimaryStageWindow   - Window border size: (16.0, 39.0)
17:14:29.036 [JavaFX Application Thread] DEBUG PrimaryStageWindow   - Scaled size: 1280.0 x 720.0
17:14:29.036 [JavaFX Application Thread] DEBUG PrimaryStageWindow   - Scaled ratio: (1.0, 1.0)
17:14:29.037 [JavaFX Application Thread] DEBUG PrimaryStageWindow   - Scene size: 1280.0 x 720.0
17:14:29.037 [JavaFX Application Thread] DEBUG PrimaryStageWindow   - Stage size: 1296.0 x 759.0
17:14:29.045 [FXGL Background Thread 1 ] DEBUG Engine               - Initializing environment variables
17:14:29.118 [FXGL Background Thread 1 ] DEBUG FXGLAssetLoaderServi - User app class for loading assets: class com.example.joeandmarie.MainApplication
17:14:29.118 [FXGL Background Thread 1 ] DEBUG GameApplicationServi - Applying CSS: fxgl_dark.css
17:14:29.119 [FXGL Background Thread 1 ] DEBUG FXGLAssetLoaderServi - Loading from file system: jar:file:///C:/Users/Lorine/.m2/repository/com/github/almasb/fxgl/17.3/fxgl-17.3.jar!/fxglassets/ui/css/fxgl_dark.css
17:14:29.165 [FXGL Background Thread 1 ] DEBUG GameApplicationServi - Initializing application scenes
17:14:29.211 [FXGL Background Thread 1 ] DEBUG GameWorld            - Game world initialized
17:14:29.286 [FXGL Background Thread 1 ] DEBUG PhysicsWorld         - Physics world initialized: appHeight=720, physics.ppm=50.0
17:14:29.287 [FXGL Background Thread 1 ] DEBUG PhysicsWorld         - Using strategy: BRUTE_FORCE
17:14:29.291 [FXGL Background Thread 1 ] DEBUG GameScene            - Game scene initialized: 1280x720
17:14:29.304 [FXGL Background Thread 1 ] DEBUG FXGL.DefaultMenu     - createMenuBodyGameMenu()
17:14:29.315 [FXGL Background Thread 1 ] DEBUG FXGL.DefaultMenu     - createOptionsMenu()
17:14:29.323 [FXGL Background Thread 1 ] DEBUG FXGLAssetLoaderServi - Loading from file system: jar:file:///C:/Users/Lorine/.m2/repository/com/github/almasb/fxgl/17.3/fxgl-17.3.jar!/fxglassets/textures/particles/smoke.png
17:14:29.394 [FXGL Background Thread 1 ] DEBUG FXGLAssetLoaderServi - Loading from file system: jar:file:///C:/Users/Lorine/.m2/repository/com/github/almasb/fxgl/17.3/fxgl-17.3.jar!/fxglassets/textures/particles/trace_horizontal.png
17:14:29.415 [FXGL Background Thread 1 ] DEBUG GameApplicationServi - Application scenes initialized
17:14:29.425 [FXGL Background Thread 1 ] DEBUG SystemBundleService  - Loading FXGL system data
17:14:29.428 [FXGL Background Thread 1 ] DEBUG FileSystemAccess     - Reading from: C:\Users\Lorine\IdeaProjects\JoeAndMarie\system\fxgl.bundle
17:14:29.435 [FXGL Background Thread 1 ] DEBUG SystemBundleService  - Bundle FXGL: {}
17:14:29.435 [FXGL Background Thread 1 ] DEBUG UpdaterService       - Checking for updates
17:14:29.438 [FXGL Background Thread 4 ] DEBUG FXGLApplication      - Loading fonts
17:14:29.438 [FXGL Background Thread 4 ] DEBUG FXGLAssetLoaderServi - Loading from file system: jar:file:///C:/Users/Lorine/.m2/repository/com/github/almasb/fxgl/17.3/fxgl-17.3.jar!/fxglassets/ui/fonts/VarelaRound-Regular.ttf
17:14:29.439 [FXGL Background Thread 1 ] DEBUG FXGLApplication      - Loading default localization
17:14:29.439 [FXGL Background Thread 1 ] DEBUG FXGLAssetLoaderServi - Loading from file system: jar:file:///C:/Users/Lorine/.m2/repository/com/github/almasb/fxgl/17.3/fxgl-17.3.jar!/fxglassets/languages/english.lang
17:14:29.458 [FXGL Background Thread 1 ] INFO  FXGLApplication      - FXGL initialization took: 0.412 sec
17:14:29.467 [JavaFX Application Thread] DEBUG Input                - Registered new binding: action0 - A
17:14:29.468 [JavaFX Application Thread] DEBUG Input                - Registered new binding: action1 - D
17:14:29.468 [JavaFX Application Thread] DEBUG Input                - Registered new binding: action2 - W
17:14:29.469 [JavaFX Application Thread] DEBUG Input                - Registered new binding: action3 - Left
17:14:29.469 [JavaFX Application Thread] DEBUG Input                - Registered new binding: action4 - Right
17:14:29.469 [JavaFX Application Thread] DEBUG Input                - Registered new binding: action5 - Up
17:14:29.470 [JavaFX Application Thread] DEBUG FXGLAssetLoaderServi - Loading from file system: jar:file:///C:/Users/Lorine/.m2/repository/com/github/almasb/fxgl/17.3/fxgl-17.3.jar!/fxglassets/textures/fxgl_icon.png
17:14:29.480 [FXGL Background Thread 4 ] DEBUG FXGLAssetLoaderServi - Loading from file system: jar:file:///C:/Users/Lorine/.m2/repository/com/github/almasb/fxgl/17.3/fxgl-17.3.jar!/fxglassets/ui/fonts/Abel-Regular.ttf
17:14:29.489 [JavaFX Application Thread] DEBUG FXGLAssetLoaderServi - Loading from file system: jar:file:///C:/Users/Lorine/.m2/repository/com/github/almasb/fxgl/17.3/fxgl-17.3.jar!/fxglassets/textures/fxgl_default_cursor.png
17:14:29.491 [FXGL Background Thread 4 ] DEBUG FXGLAssetLoaderServi - Loading from file system: jar:file:///C:/Users/Lorine/.m2/repository/com/github/almasb/fxgl/17.3/fxgl-17.3.jar!/fxglassets/ui/fonts/TerminalLandMono-Regular.otf
17:14:29.491 [JavaFX Application Thread] DEBUG Input                - Registered new binding: Screenshot - CTRL+8
17:14:29.492 [JavaFX Application Thread] DEBUG Input                - Registered new binding: System info dump - CTRL+9
17:14:29.492 [JavaFX Application Thread] DEBUG Input                - Registered new binding: Restart - CTRL+R
17:14:29.492 [JavaFX Application Thread] DEBUG Input                - Registered new binding: Toggle Debug Camera - CTRL+7
17:14:29.494 [JavaFX Application Thread] DEBUG LoopRunner           - Starting loop
17:14:29.495 [JavaFX Application Thread] DEBUG LoopRunner           - Initializing JavaFX AnimationTimerLoop
17:14:29.496 [JavaFX Application Thread] DEBUG GameApplicationServi - Starting new game
17:14:29.497 [JavaFX Application Thread] DEBUG Input                - Clearing active input actions
17:14:29.504 [FXGL Background Thread 4 ] DEBUG FXGLAssetLoaderServi - Loading from file system: jar:file:///C:/Users/Lorine/.m2/repository/com/github/almasb/fxgl/17.3/fxgl-17.3.jar!/fxglassets/ui/fonts/Courier-Prime.ttf
17:14:29.509 [JavaFX Application Thread] DEBUG GameApplicationServi - Removing overlay from FXGLStartupScene and adding to FXGLLoadingScene
17:14:29.509 [JavaFX Application Thread] DEBUG PrimaryStageWindow   - FXGLStartupScene -> FXGLLoadingScene
17:14:29.509 [JavaFX Application Thread] DEBUG GameApplicationServi - Clearing previous game
17:14:29.509 [JavaFX Application Thread] DEBUG GameScene            - Clearing game scene
17:14:29.509 [JavaFX Application Thread] DEBUG GameWorld            - Clearing game world
17:14:29.510 [JavaFX Application Thread] DEBUG PhysicsWorld         - Clearing physics world
17:14:29.511 [FXGL Background Thread 1 ] DEBUG FXGLApplication      - Initializing game
17:14:29.540 [FXGL Background Thread 1 ] DEBUG FXGLAssetLoaderServi - Loading from file system: file:/C:/Users/Lorine/IdeaProjects/JoeAndMarie/target/classes/assets/textures/meow_jm.png
17:14:29.546 [JavaFX Application Thread] DEBUG FXGLApplication      - Registering font factories with UI factory
17:14:29.567 [FXGL Background Thread 1 ] INFO  FXGLApplication      - Game initialization took: 0.056 sec
17:14:29.613 [JavaFX Application Thread] DEBUG Input                - Clearing active input actions
17:14:29.621 [JavaFX Application Thread] DEBUG GameApplicationServi - Removing overlay from FXGLLoadingScene and adding to GameScene
17:14:29.622 [JavaFX Application Thread] DEBUG PrimaryStageWindow   - FXGLLoadingScene -> GameScene
17:14:30.010 [JavaFX Application Thread] DEBUG FXGLAssetLoaderServi - Loading from file system: file:/C:/Users/Lorine/IdeaProjects/JoeAndMarie/target/classes/assets/sounds/oof.wav
17:14:30.069 [JavaFX Application Thread] DEBUG FXGLAssetLoaderServi - Loading from file system: file:/C:/Users/Lorine/IdeaProjects/JoeAndMarie/target/classes/assets/textures/hug2.png
17:14:30.071 [JavaFX Application Thread] DEBUG FXGLAssetLoaderServi - Loading from file system: file:/C:/Users/Lorine/IdeaProjects/JoeAndMarie/target/classes/assets/textures/hug1.png
17:14:30.074 [JavaFX Application Thread] DEBUG LoopRunner           - Stopping loop
17:14:30.075 [JavaFX Application Thread] FATAL FXGLApplication      - Uncaught Exception:
java.lang.NullPointerException: Parameter specified as non-null is null: method com.almasb.fxgl.entity.components.ViewComponent.addChild, parameter node
	at com.almasb.fxgl.entity@17.3/com.almasb.fxgl.entity.components.ViewComponent.addChild(ViewComponent.kt)
	at com.example.joeandmarie/com.example.joeandmarie.MainApplication$1.onCollisionBegin(MainApplication.java:87)
	at com.almasb.fxgl.entity@17.3/com.almasb.fxgl.physics.CollisionPair.collisionBegin(CollisionPair.java:37)
	at com.almasb.fxgl.entity@17.3/com.almasb.fxgl.physics.PhysicsWorld.collisionBeginFor(PhysicsWorld.java:453)
	at com.almasb.fxgl.entity@17.3/com.almasb.fxgl.physics.PhysicsWorld.beginContact(PhysicsWorld.java:235)
	at com.almasb.fxgl.entity@17.3/com.almasb.fxgl.physics.box2d.dynamics.contacts.Contact.update(Contact.java:269)
	at com.almasb.fxgl.entity@17.3/com.almasb.fxgl.physics.box2d.dynamics.ContactManager.collide(ContactManager.java:303)
	at com.almasb.fxgl.entity@17.3/com.almasb.fxgl.physics.box2d.dynamics.World.step(World.java:272)
	at com.almasb.fxgl.entity@17.3/com.almasb.fxgl.physics.PhysicsWorld.onUpdate(PhysicsWorld.java:176)
	at com.almasb.fxgl.all@17.3/com.almasb.fxgl.app.scene.GameScene.step(GameScene.kt:229)
	at com.almasb.fxgl.all@17.3/com.almasb.fxgl.app.scene.GameScene.onUpdate(GameScene.kt:224)
	at com.almasb.fxgl.scene@17.3/com.almasb.fxgl.scene.Scene.update(Scene.kt:105)
	at com.almasb.fxgl.all@17.3/com.almasb.fxgl.app.MainWindow$update$1.invoke(MainWindow.kt:115)
	at com.almasb.fxgl.all@17.3/com.almasb.fxgl.app.MainWindow$update$1.invoke(MainWindow.kt:115)
	at com.almasb.fxgl.core@17.3/com.almasb.fxgl.core.fsm.StateMachine.runOnActiveStates(StateMachine.kt:69)
	at com.almasb.fxgl.all@17.3/com.almasb.fxgl.app.MainWindow.update(MainWindow.kt:115)
	at com.almasb.fxgl.all@17.3/com.almasb.fxgl.app.FXGLApplication$GameApplicationService.onUpdate(FXGLApplication.kt:426)
	at com.almasb.fxgl.all@17.3/com.almasb.fxgl.app.Engine.loop(Engine.kt:134)
	at com.almasb.fxgl.all@17.3/com.almasb.fxgl.app.Engine.access$loop(Engine.kt:24)
	at com.almasb.fxgl.all@17.3/com.almasb.fxgl.app.Engine$loop$1.invoke(Engine.kt:28)
	at com.almasb.fxgl.all@17.3/com.almasb.fxgl.app.Engine$loop$1.invoke(Engine.kt:28)
	at com.almasb.fxgl.all@17.3/com.almasb.fxgl.app.LoopRunner.frame(LoopRunner.kt:103)
	at com.almasb.fxgl.all@17.3/com.almasb.fxgl.app.LoopRunner.access$frame(LoopRunner.kt:23)
	at com.almasb.fxgl.all@17.3/com.almasb.fxgl.app.LoopRunner$impl$2$1.onTick(LoopRunner.kt:57)
	at com.almasb.fxgl.all@17.3/com.almasb.fxgl.app.AnimationTimerLoop$timer$1.handle(LoopRunner.kt:137)
	at javafx.graphics/javafx.animation.AnimationTimer$AnimationTimerReceiver.lambda$handle$0(AnimationTimer.java:58)
	at java.base/java.security.AccessController.doPrivileged(AccessController.java:400)
	at javafx.graphics/javafx.animation.AnimationTimer$AnimationTimerReceiver.handle(AnimationTimer.java:57)
	at javafx.graphics/com.sun.scenario.animation.AbstractPrimaryTimer.timePulseImpl(AbstractPrimaryTimer.java:356)
	at javafx.graphics/com.sun.scenario.animation.AbstractPrimaryTimer$MainLoop.run(AbstractPrimaryTimer.java:266)
	at javafx.graphics/com.sun.javafx.tk.quantum.QuantumToolkit.pulse(QuantumToolkit.java:571)
	at javafx.graphics/com.sun.javafx.tk.quantum.QuantumToolkit.pulse(QuantumToolkit.java:555)
	at javafx.graphics/com.sun.javafx.tk.quantum.QuantumToolkit.pulseFromQueue(QuantumToolkit.java:548)
	at javafx.graphics/com.sun.javafx.tk.quantum.QuantumToolkit.lambda$runToolkit$11(QuantumToolkit.java:353)
	at javafx.graphics/com.sun.glass.ui.InvokeLaterDispatcher$Future.run(InvokeLaterDispatcher.java:96)
	at javafx.graphics/com.sun.glass.ui.win.WinApplication._runLoop(Native Method)
	at javafx.graphics/com.sun.glass.ui.win.WinApplication.lambda$runLoop$3(WinApplication.java:184)
	at java.base/java.lang.Thread.run(Thread.java:1575)

17:14:30.075 [JavaFX Application Thread] FATAL FXGLApplication      - Application will now exit
17:14:30.091 [JavaFX Application Thread] DEBUG PrimaryStageWindow   - Push state: ErrorSubScene
17:14:30.092 [JavaFX Application Thread] DEBUG Input                - Clearing active input actions
17:14:30.096 [JavaFX Application Thread] DEBUG GameApplicationServi - Removing overlay from GameScene and adding to ErrorSubScene
17:14:30.096 [JavaFX Application Thread] DEBUG PrimaryStageWindow   - GameScene -> ErrorSubScene
17:14:30.316 [FXGL Background Thread 2 ] INFO  UpdaterService       - Your current version:  17.3
17:14:30.316 [FXGL Background Thread 2 ] INFO  UpdaterService       - Latest stable version: 21.1
17:14:32.439 [FXGL Background Thread 3 ] DEBUG Engine               - Logging environment variables
17:14:32.439 [FXGL Background Thread 3 ] DEBUG Engine               - achievements: []
17:14:32.439 [FXGL Background Thread 3 ] DEBUG Engine               - actualHeight: 720.0
17:14:32.439 [FXGL Background Thread 3 ] DEBUG Engine               - actualHeightProperty: ReadOnlyDoubleProperty [value: 720.0]
17:14:32.439 [FXGL Background Thread 3 ] DEBUG Engine               - actualWidth: 1280.0
17:14:32.439 [FXGL Background Thread 3 ] DEBUG Engine               - actualWidthProperty: ReadOnlyDoubleProperty [value: 1280.0]
17:14:32.439 [FXGL Background Thread 3 ] DEBUG Engine               - appIcon: fxgl_icon.png
17:14:32.439 [FXGL Background Thread 3 ] DEBUG Engine               - applicationMode: DEVELOPER
17:14:32.439 [FXGL Background Thread 3 ] DEBUG Engine               - cSSList: [fxgl_dark.css]
17:14:32.439 [FXGL Background Thread 3 ] DEBUG Engine               - collisionDetectionStrategy: BRUTE_FORCE
17:14:32.439 [FXGL Background Thread 3 ] DEBUG Engine               - configClass: Optional.empty
17:14:32.439 [FXGL Background Thread 3 ] DEBUG Engine               - credits: []
17:14:32.439 [FXGL Background Thread 3 ] DEBUG Engine               - defaultCursor: CursorInfo(imageName=fxgl_default_cursor.png, hotspotX=7.0, hotspotY=6.0)
17:14:32.441 [FXGL Background Thread 3 ] DEBUG Engine               - devBBoxColorProperty: ObjectProperty [value: 0xff0000ff]
17:14:32.441 [FXGL Background Thread 3 ] DEBUG Engine               - devEnableDebugCameraProperty: BooleanProperty [value: false]
17:14:32.441 [FXGL Background Thread 3 ] DEBUG Engine               - devSensorColorProperty: ObjectProperty [value: 0xffff00ff]
17:14:32.441 [FXGL Background Thread 3 ] DEBUG Engine               - devShowBBoxProperty: BooleanProperty [value: false]
17:14:32.441 [FXGL Background Thread 3 ] DEBUG Engine               - devShowPositionProperty: BooleanProperty [value: false]
17:14:32.441 [FXGL Background Thread 3 ] DEBUG Engine               - enabledMenuItems: []
17:14:32.441 [FXGL Background Thread 3 ] DEBUG Engine               - engineServices: [class com.almasb.fxgl.app.services.FXGLAssetLoaderService, class com.almasb.fxgl.app.FXGLApplication$GameApplicationService, class com.almasb.fxgl.app.services.FXGLDialogService, class com.almasb.fxgl.app.services.IOTaskExecutorService, class com.almasb.fxgl.io.FileSystemService, class com.almasb.fxgl.localization.LocalizationService, class com.almasb.fxgl.app.services.SystemBundleService, class com.almasb.fxgl.profile.SaveLoadService, class com.almasb.fxgl.ui.FXGLUIFactoryServiceProvider, class com.almasb.fxgl.ui.FXGLDialogFactoryServiceProvider, class com.almasb.fxgl.audio.AudioPlayer, class com.almasb.fxgl.notification.impl.NotificationServiceProvider, class com.almasb.fxgl.achievement.AchievementService, class com.almasb.fxgl.cutscene.CutsceneService, class com.almasb.fxgl.minigames.MiniGameService, class com.almasb.fxgl.net.NetService, class com.almasb.fxgl.app.services.UpdaterService, class com.almasb.fxgl.dev.DevService]
17:14:32.441 [FXGL Background Thread 3 ] DEBUG Engine               - fontGame: Abel-Regular.ttf
17:14:32.441 [FXGL Background Thread 3 ] DEBUG Engine               - fontMono: TerminalLandMono-Regular.otf
17:14:32.441 [FXGL Background Thread 3 ] DEBUG Engine               - fontSizeScaleUI: 1.0
17:14:32.441 [FXGL Background Thread 3 ] DEBUG Engine               - fontText: Courier-Prime.ttf
17:14:32.441 [FXGL Background Thread 3 ] DEBUG Engine               - fontUI: VarelaRound-Regular.ttf
17:14:32.441 [FXGL Background Thread 3 ] DEBUG Engine               - fullScreen: BooleanProperty [value: false]
17:14:32.442 [FXGL Background Thread 3 ] DEBUG Engine               - gameDifficulty: MEDIUM
17:14:32.442 [FXGL Background Thread 3 ] DEBUG Engine               - gameDifficultyProperty: ObjectProperty [value: MEDIUM]
17:14:32.442 [FXGL Background Thread 3 ] DEBUG Engine               - globalMusicVolume: 0.5
17:14:32.442 [FXGL Background Thread 3 ] DEBUG Engine               - globalMusicVolumeProperty: DoubleProperty [value: 0.5]
17:14:32.442 [FXGL Background Thread 3 ] DEBUG Engine               - globalSoundVolume: 0.5
17:14:32.442 [FXGL Background Thread 3 ] DEBUG Engine               - globalSoundVolumeProperty: DoubleProperty [value: 0.5]
17:14:32.442 [FXGL Background Thread 3 ] DEBUG Engine               - height: 720
17:14:32.442 [FXGL Background Thread 3 ] DEBUG Engine               - is3D: false
17:14:32.442 [FXGL Background Thread 3 ] DEBUG Engine               - isAndroid: false
17:14:32.442 [FXGL Background Thread 3 ] DEBUG Engine               - isBrowser: false
17:14:32.442 [FXGL Background Thread 3 ] DEBUG Engine               - isClickFeedbackEnabled: false
17:14:32.442 [FXGL Background Thread 3 ] DEBUG Engine               - isCloseConfirmation: false
17:14:32.442 [FXGL Background Thread 3 ] DEBUG Engine               - isDesktop: true
17:14:32.443 [FXGL Background Thread 3 ] DEBUG Engine               - isDeveloperMenuEnabled: false
17:14:32.443 [FXGL Background Thread 3 ] DEBUG Engine               - isEmbedded: false
17:14:32.443 [FXGL Background Thread 3 ] DEBUG Engine               - isEntityPreloadEnabled: true
17:14:32.443 [FXGL Background Thread 3 ] DEBUG Engine               - isExperimentalTiledLargeMap: false
17:14:32.443 [FXGL Background Thread 3 ] DEBUG Engine               - isFileSystemWriteAllowed: true
17:14:32.443 [FXGL Background Thread 3 ] DEBUG Engine               - isFullScreenAllowed: false
17:14:32.443 [FXGL Background Thread 3 ] DEBUG Engine               - isFullScreenFromStart: false
17:14:32.443 [FXGL Background Thread 3 ] DEBUG Engine               - isGameMenuEnabled: true
17:14:32.443 [FXGL Background Thread 3 ] DEBUG Engine               - isIOS: false
17:14:32.443 [FXGL Background Thread 3 ] DEBUG Engine               - isIntroEnabled: false
17:14:32.443 [FXGL Background Thread 3 ] DEBUG Engine               - isLinux: false
17:14:32.443 [FXGL Background Thread 3 ] DEBUG Engine               - isMac: false
17:14:32.443 [FXGL Background Thread 3 ] DEBUG Engine               - isMainMenuEnabled: false
17:14:32.443 [FXGL Background Thread 3 ] DEBUG Engine               - isManualResizeEnabled: false
17:14:32.443 [FXGL Background Thread 3 ] DEBUG Engine               - isMobile: false
17:14:32.443 [FXGL Background Thread 3 ] DEBUG Engine               - isNative: false
17:14:32.443 [FXGL Background Thread 3 ] DEBUG Engine               - isPauseMusicWhenMinimized: true
17:14:32.443 [FXGL Background Thread 3 ] DEBUG Engine               - isPreserveResizeRatio: false
17:14:32.443 [FXGL Background Thread 3 ] DEBUG Engine               - isProfilingEnabled: false
17:14:32.443 [FXGL Background Thread 3 ] DEBUG Engine               - isScaleAffectedOnResize: true
17:14:32.443 [FXGL Background Thread 3 ] DEBUG Engine               - isSingleStep: false
17:14:32.444 [FXGL Background Thread 3 ] DEBUG Engine               - isUserProfileEnabled: false
17:14:32.444 [FXGL Background Thread 3 ] DEBUG Engine               - isWindows: true
17:14:32.444 [FXGL Background Thread 3 ] DEBUG Engine               - language: ObjectProperty [value: ENGLISH]
17:14:32.444 [FXGL Background Thread 3 ] DEBUG Engine               - menuKey: ESCAPE
17:14:32.444 [FXGL Background Thread 3 ] DEBUG Engine               - mouseSensitivity: 0.2
17:14:32.444 [FXGL Background Thread 3 ] DEBUG Engine               - notificationViewClass: class com.almasb.fxgl.notification.view.XboxNotificationView
17:14:32.444 [FXGL Background Thread 3 ] DEBUG Engine               - pixelsPerMeter: 50.0
17:14:32.444 [FXGL Background Thread 3 ] DEBUG Engine               - platform: WINDOWS
17:14:32.444 [FXGL Background Thread 3 ] DEBUG Engine               - prefHeightProperty: ReadOnlyDoubleProperty [value: 720.0]
17:14:32.444 [FXGL Background Thread 3 ] DEBUG Engine               - prefWidthProperty: ReadOnlyDoubleProperty [value: 1280.0]
17:14:32.444 [FXGL Background Thread 3 ] DEBUG Engine               - profileDir: profiles/
17:14:32.444 [FXGL Background Thread 3 ] DEBUG Engine               - profileName: StringProperty [value: DEFAULT]
17:14:32.444 [FXGL Background Thread 3 ] DEBUG Engine               - randomSeed: -1
17:14:32.444 [FXGL Background Thread 3 ] DEBUG Engine               - runtimeInfo: RuntimeInfo(platform=WINDOWS, version=17.3, build=30.03.2023 11.49)
17:14:32.444 [FXGL Background Thread 3 ] DEBUG Engine               - saveFileExt: sav
17:14:32.444 [FXGL Background Thread 3 ] DEBUG Engine               - scaledHeightProp$fxgl: DoubleProperty [bound, value: 720.0]
17:14:32.444 [FXGL Background Thread 3 ] DEBUG Engine               - scaledWidthProp$fxgl: DoubleProperty [bound, value: 1280.0]
17:14:32.444 [FXGL Background Thread 3 ] DEBUG Engine               - sceneFactory: com.almasb.fxgl.app.scene.SceneFactory@13f459c8
17:14:32.444 [FXGL Background Thread 3 ] DEBUG Engine               - secondsIn24h: 60
17:14:32.445 [FXGL Background Thread 3 ] DEBUG Engine               - soundMenuBack: menu/back.wav
17:14:32.445 [FXGL Background Thread 3 ] DEBUG Engine               - soundMenuPress: menu/press.wav
17:14:32.445 [FXGL Background Thread 3 ] DEBUG Engine               - soundMenuSelect: menu/select.wav
17:14:32.445 [FXGL Background Thread 3 ] DEBUG Engine               - soundNotification: core/notification.wav
17:14:32.445 [FXGL Background Thread 3 ] DEBUG Engine               - stageStyle: DECORATED
17:14:32.445 [FXGL Background Thread 3 ] DEBUG Engine               - supportedLanguages: [ENGLISH, FRENCH, GERMAN, HUNGARIAN, RUSSIAN]
17:14:32.445 [FXGL Background Thread 3 ] DEBUG Engine               - ticksPerSecond: -1
17:14:32.445 [FXGL Background Thread 3 ] DEBUG Engine               - title: Joe and Marie
17:14:32.445 [FXGL Background Thread 3 ] DEBUG Engine               - urlGithub: https://github.com/AlmasB/FXGL
17:14:32.445 [FXGL Background Thread 3 ] DEBUG Engine               - urlLeaderboard: http://fxgl-top.herokuapp.com/
17:14:32.445 [FXGL Background Thread 3 ] DEBUG Engine               - urlPOM: https://raw.githubusercontent.com/AlmasB/FXGL/release/README.md
17:14:32.445 [FXGL Background Thread 3 ] DEBUG Engine               - userAppClass: class com.example.joeandmarie.MainApplication
17:14:32.445 [FXGL Background Thread 3 ] DEBUG Engine               - version: 0.0
17:14:32.445 [FXGL Background Thread 3 ] DEBUG Engine               - versionCheckDays: 7
17:14:32.445 [FXGL Background Thread 3 ] DEBUG Engine               - width: 1280
17:14:32.445 [FXGL Background Thread 3 ] DEBUG Engine               - Logging services
17:14:32.445 [FXGL Background Thread 3 ] DEBUG Engine               - class com.almasb.fxgl.app.services.FXGLAssetLoaderService
17:14:32.445 [FXGL Background Thread 3 ] DEBUG Engine               - class com.almasb.fxgl.app.FXGLApplication$GameApplicationService
17:14:32.445 [FXGL Background Thread 3 ] DEBUG Engine               - class com.almasb.fxgl.app.services.FXGLDialogService
17:14:32.445 [FXGL Background Thread 3 ] DEBUG Engine               - class com.almasb.fxgl.app.services.IOTaskExecutorService
17:14:32.445 [FXGL Background Thread 3 ] DEBUG Engine               - class com.almasb.fxgl.io.FileSystemService
17:14:32.445 [FXGL Background Thread 3 ] DEBUG Engine               - class com.almasb.fxgl.localization.LocalizationService
17:14:32.445 [FXGL Background Thread 3 ] DEBUG Engine               - class com.almasb.fxgl.app.services.SystemBundleService
17:14:32.445 [FXGL Background Thread 3 ] DEBUG Engine               - class com.almasb.fxgl.profile.SaveLoadService
17:14:32.445 [FXGL Background Thread 3 ] DEBUG Engine               - class com.almasb.fxgl.ui.FXGLUIFactoryServiceProvider
17:14:32.445 [FXGL Background Thread 3 ] DEBUG Engine               - class com.almasb.fxgl.ui.FXGLDialogFactoryServiceProvider
17:14:32.446 [FXGL Background Thread 3 ] DEBUG Engine               - class com.almasb.fxgl.audio.AudioPlayer
17:14:32.446 [FXGL Background Thread 3 ] DEBUG Engine               - class com.almasb.fxgl.notification.impl.NotificationServiceProvider
17:14:32.446 [FXGL Background Thread 3 ] DEBUG Engine               - class com.almasb.fxgl.achievement.AchievementService
17:14:32.446 [FXGL Background Thread 3 ] DEBUG Engine               - class com.almasb.fxgl.cutscene.CutsceneService
17:14:32.446 [FXGL Background Thread 3 ] DEBUG Engine               - class com.almasb.fxgl.minigames.MiniGameService
17:14:32.446 [FXGL Background Thread 3 ] DEBUG Engine               - class com.almasb.fxgl.net.NetService
17:14:32.446 [FXGL Background Thread 3 ] DEBUG Engine               - class com.almasb.fxgl.app.services.UpdaterService
17:14:32.446 [FXGL Background Thread 3 ] DEBUG Engine               - class com.almasb.fxgl.dev.DevService
17:14:33.792 [JavaFX Application Thread] DEBUG FXGLApplication      - Exiting FXGL
17:14:33.792 [JavaFX Application Thread] DEBUG Async                - Shutting down background threads
17:14:33.792 [JavaFX Application Thread] DEBUG PrimaryStageWindow   - Closing main window
17:14:33.804 [JavaFX Application Thread] DEBUG Logger               - Closing Logger
