13:01:21.462 [main                     ] DEBUG Logger               - Configured Logger
13:01:21.497 [main                     ] DEBUG GameApplication      - Logging settings
Title: Joe and Marie
Version: 0.0
Width: 1280
Height: 720
Fullscreen: false
Intro: false
Profiling: false
Single step:false
App Mode: DEVELOPER
Menu Key: ESCAPE
Stage Style: DECORATED
Scene Factory: class com.almasb.fxgl.app.scene.SceneFactory

13:01:22.410 [JavaFX Application Thread] DEBUG FXGLApplication      - Initializing FXGL
13:01:22.415 [JavaFX Application Thread] INFO  Engine               - FXGL-17.3 (30.03.2023 11.49) on WINDOWS (J:23.0.1 FX:17.0.6)
13:01:22.416 [JavaFX Application Thread] DEBUG Engine               - JRE Vendor Name: Oracle Corporation
13:01:22.416 [JavaFX Application Thread] DEBUG Engine               - Running on OS: Windows 11 version 10.0
13:01:22.416 [JavaFX Application Thread] DEBUG Engine               - Architecture: amd64
13:01:22.416 [JavaFX Application Thread] INFO  Engine               - Source code and latest versions at: https://github.com/AlmasB/FXGL
13:01:22.416 [JavaFX Application Thread] INFO  Engine               -       Ask questions and discuss at: https://github.com/AlmasB/FXGL/discussions
13:01:22.417 [JavaFX Application Thread] INFO  Engine               -              Join the FXGL chat at: https://gitter.im/AlmasB/FXGL
13:01:22.557 [JavaFX Application Thread] DEBUG PrimaryStageWindow   - Creating a JavaFX scene
13:01:22.621 [JavaFX Application Thread] DEBUG PrimaryStageWindow   - Target settings size: 1280.0 x 720.0
13:01:22.621 [JavaFX Application Thread] DEBUG PrimaryStageWindow   - Scaled scene size:    1280.0 x 720.0
13:01:22.622 [JavaFX Application Thread] DEBUG PrimaryStageWindow   - Scaled ratio: (1.0, 1.0)
13:01:22.623 [JavaFX Application Thread] DEBUG PrimaryStageWindow   - Set initial scene to FXGLStartupScene
13:01:22.634 [JavaFX Application Thread] DEBUG PrimaryStageWindow   - Opening main window
13:01:22.755 [JavaFX Application Thread] DEBUG PrimaryStageWindow   - Window border size: (16.0, 39.0)
13:01:22.756 [JavaFX Application Thread] DEBUG PrimaryStageWindow   - Scaled size: 1280.0 x 720.0
13:01:22.756 [JavaFX Application Thread] DEBUG PrimaryStageWindow   - Scaled ratio: (1.0, 1.0)
13:01:22.756 [JavaFX Application Thread] DEBUG PrimaryStageWindow   - Scene size: 1280.0 x 720.0
13:01:22.757 [JavaFX Application Thread] DEBUG PrimaryStageWindow   - Stage size: 1296.0 x 759.0
13:01:22.771 [FXGL Background Thread 1 ] DEBUG Engine               - Initializing environment variables
13:01:22.892 [FXGL Background Thread 1 ] DEBUG FXGLAssetLoaderServi - User app class for loading assets: class com.example.joeandmarie.MainApplication
13:01:22.893 [FXGL Background Thread 1 ] DEBUG GameApplicationServi - Applying CSS: fxgl_dark.css
13:01:22.894 [FXGL Background Thread 1 ] DEBUG FXGLAssetLoaderServi - Loading from file system: jar:file:///C:/Users/Lorine/.m2/repository/com/github/almasb/fxgl/17.3/fxgl-17.3.jar!/fxglassets/ui/css/fxgl_dark.css
13:01:22.962 [FXGL Background Thread 1 ] DEBUG GameApplicationServi - Initializing application scenes
13:01:23.017 [FXGL Background Thread 1 ] DEBUG GameWorld            - Game world initialized
13:01:23.120 [FXGL Background Thread 1 ] DEBUG PhysicsWorld         - Physics world initialized: appHeight=720, physics.ppm=50.0
13:01:23.121 [FXGL Background Thread 1 ] DEBUG PhysicsWorld         - Using strategy: BRUTE_FORCE
13:01:23.126 [FXGL Background Thread 1 ] DEBUG GameScene            - Game scene initialized: 1280x720
13:01:23.149 [FXGL Background Thread 1 ] DEBUG FXGL.DefaultMenu     - createMenuBodyGameMenu()
13:01:23.172 [FXGL Background Thread 1 ] DEBUG FXGL.DefaultMenu     - createOptionsMenu()
13:01:23.188 [FXGL Background Thread 1 ] DEBUG FXGLAssetLoaderServi - Loading from file system: jar:file:///C:/Users/Lorine/.m2/repository/com/github/almasb/fxgl/17.3/fxgl-17.3.jar!/fxglassets/textures/particles/smoke.png
13:01:23.330 [FXGL Background Thread 1 ] DEBUG FXGLAssetLoaderServi - Loading from file system: jar:file:///C:/Users/Lorine/.m2/repository/com/github/almasb/fxgl/17.3/fxgl-17.3.jar!/fxglassets/textures/particles/trace_horizontal.png
13:01:23.370 [FXGL Background Thread 1 ] DEBUG GameApplicationServi - Application scenes initialized
13:01:23.387 [FXGL Background Thread 1 ] DEBUG SystemBundleService  - Loading FXGL system data
13:01:23.393 [FXGL Background Thread 1 ] DEBUG FileSystemAccess     - Reading from: C:\Users\Lorine\IdeaProjects\JoeAndMarie\system\fxgl.bundle
13:01:23.405 [FXGL Background Thread 1 ] DEBUG SystemBundleService  - Bundle FXGL: {}
13:01:23.405 [FXGL Background Thread 1 ] DEBUG UpdaterService       - Checking for updates
13:01:23.412 [FXGL Background Thread 4 ] DEBUG FXGLApplication      - Loading fonts
13:01:23.412 [FXGL Background Thread 4 ] DEBUG FXGLAssetLoaderServi - Loading from file system: jar:file:///C:/Users/Lorine/.m2/repository/com/github/almasb/fxgl/17.3/fxgl-17.3.jar!/fxglassets/ui/fonts/VarelaRound-Regular.ttf
13:01:23.413 [FXGL Background Thread 1 ] DEBUG FXGLApplication      - Loading default localization
13:01:23.414 [FXGL Background Thread 1 ] DEBUG FXGLAssetLoaderServi - Loading from file system: jar:file:///C:/Users/Lorine/.m2/repository/com/github/almasb/fxgl/17.3/fxgl-17.3.jar!/fxglassets/languages/english.lang
13:01:23.440 [FXGL Background Thread 1 ] INFO  FXGLApplication      - FXGL initialization took: 0.669 sec
13:01:23.441 [JavaFX Application Thread] DEBUG FXGLAssetLoaderServi - Loading from file system: jar:file:///C:/Users/Lorine/.m2/repository/com/github/almasb/fxgl/17.3/fxgl-17.3.jar!/fxglassets/textures/fxgl_icon.png
13:01:23.470 [FXGL Background Thread 4 ] DEBUG FXGLAssetLoaderServi - Loading from file system: jar:file:///C:/Users/Lorine/.m2/repository/com/github/almasb/fxgl/17.3/fxgl-17.3.jar!/fxglassets/ui/fonts/Abel-Regular.ttf
13:01:23.471 [JavaFX Application Thread] DEBUG FXGLAssetLoaderServi - Loading from file system: jar:file:///C:/Users/Lorine/.m2/repository/com/github/almasb/fxgl/17.3/fxgl-17.3.jar!/fxglassets/textures/fxgl_default_cursor.png
13:01:23.486 [JavaFX Application Thread] DEBUG Input                - Registered new binding: Screenshot - CTRL+8
13:01:23.487 [JavaFX Application Thread] DEBUG Input                - Registered new binding: System info dump - CTRL+9
13:01:23.487 [JavaFX Application Thread] DEBUG Input                - Registered new binding: Restart - CTRL+R
13:01:23.488 [JavaFX Application Thread] DEBUG Input                - Registered new binding: Toggle Debug Camera - CTRL+7
13:01:23.488 [FXGL Background Thread 4 ] DEBUG FXGLAssetLoaderServi - Loading from file system: jar:file:///C:/Users/Lorine/.m2/repository/com/github/almasb/fxgl/17.3/fxgl-17.3.jar!/fxglassets/ui/fonts/TerminalLandMono-Regular.otf
13:01:23.491 [JavaFX Application Thread] DEBUG LoopRunner           - Starting loop
13:01:23.491 [JavaFX Application Thread] DEBUG LoopRunner           - Initializing JavaFX AnimationTimerLoop
13:01:23.494 [JavaFX Application Thread] DEBUG GameApplicationServi - Starting new game
13:01:23.494 [JavaFX Application Thread] DEBUG Input                - Clearing active input actions
13:01:23.505 [FXGL Background Thread 4 ] DEBUG FXGLAssetLoaderServi - Loading from file system: jar:file:///C:/Users/Lorine/.m2/repository/com/github/almasb/fxgl/17.3/fxgl-17.3.jar!/fxglassets/ui/fonts/Courier-Prime.ttf
13:01:23.508 [JavaFX Application Thread] DEBUG GameApplicationServi - Removing overlay from FXGLStartupScene and adding to FXGLLoadingScene
13:01:23.508 [JavaFX Application Thread] DEBUG PrimaryStageWindow   - FXGLStartupScene -> FXGLLoadingScene
13:01:23.508 [JavaFX Application Thread] DEBUG GameApplicationServi - Clearing previous game
13:01:23.508 [JavaFX Application Thread] DEBUG GameScene            - Clearing game scene
13:01:23.509 [JavaFX Application Thread] DEBUG GameWorld            - Clearing game world
13:01:23.509 [JavaFX Application Thread] DEBUG PhysicsWorld         - Clearing physics world
13:01:23.510 [FXGL Background Thread 1 ] DEBUG FXGLApplication      - Initializing game
13:01:23.542 [FXGL Background Thread 1 ] DEBUG FXGLAssetLoaderServi - Loading from file system: file:/C:/Users/Lorine/IdeaProjects/JoeAndMarie/target/classes/assets/textures/joe_spritesheet_upscaled.png
13:01:23.562 [JavaFX Application Thread] DEBUG FXGLApplication      - Registering font factories with UI factory
13:01:23.605 [FXGL Background Thread 1 ] DEBUG FXGLAssetLoaderServi - Loading from file system: file:/C:/Users/Lorine/IdeaProjects/JoeAndMarie/target/classes/assets/textures/meow_1.png
13:01:23.623 [FXGL Background Thread 1 ] INFO  FXGLApplication      - Game initialization took: 0.114 sec
13:01:23.647 [JavaFX Application Thread] DEBUG Input                - Clearing active input actions
13:01:23.670 [JavaFX Application Thread] DEBUG GameApplicationServi - Removing overlay from FXGLLoadingScene and adding to GameScene
13:01:23.670 [JavaFX Application Thread] DEBUG PrimaryStageWindow   - FXGLLoadingScene -> GameScene
13:01:23.696 [JavaFX Application Thread] DEBUG Input                - Registered new binding: action0 - W
13:01:23.697 [JavaFX Application Thread] DEBUG Input                - Registered new binding: action1 - A
13:01:23.698 [JavaFX Application Thread] DEBUG Input                - Registered new binding: action2 - D
13:01:23.698 [JavaFX Application Thread] DEBUG Input                - Registered new binding: action3 - S
13:01:24.650 [FXGL Background Thread 2 ] INFO  UpdaterService       - Your current version:  17.3
13:01:24.651 [FXGL Background Thread 2 ] INFO  UpdaterService       - Latest stable version: 21.1
13:01:25.019 [JavaFX Application Thread] DEBUG FXGLApplication      - Exiting FXGL
13:01:25.019 [JavaFX Application Thread] DEBUG LoopRunner           - Stopping loop
13:01:25.020 [JavaFX Application Thread] DEBUG SystemBundleService  - Saving FXGL system data
13:01:25.023 [JavaFX Application Thread] DEBUG FileSystemAccess     - Writing to: C:\Users\Lorine\IdeaProjects\JoeAndMarie\system\fxgl.bundle
13:01:25.025 [JavaFX Application Thread] DEBUG Async                - Shutting down background threads
13:01:25.026 [JavaFX Application Thread] DEBUG PrimaryStageWindow   - Closing main window
13:01:25.044 [JavaFX Application Thread] DEBUG Logger               - Closing Logger
